#
# There is insufficient memory for the Java Runtime Environment to continue.
# Native memory allocation (malloc) failed to allocate 1664976 bytes for Chunk::new
# Possible reasons:
#   The system is out of physical RAM or swap space
#   The process is running with CompressedOops enabled, and the Java Heap may be blocking the growth of the native heap
# Possible solutions:
#   Reduce memory load on the system
#   Increase physical memory or swap space
#   Check if swap backing store is full
#   Decrease Java heap size (-Xmx/-Xms)
#   Decrease number of Java threads
#   Decrease Java thread stack sizes (-Xss)
#   Set larger code cache with -XX:ReservedCodeCacheSize=
#   JVM is running with Zero Based Compressed Oops mode in which the Java heap is
#     placed in the first 32GB address space. The Java Heap base address is the
#     maximum limit for the native heap growth. Please use -XX:HeapBaseMinAddress
#     to set the Java Heap base and to place the Java Heap above 32GB virtual address.
# This output file may be truncated or incomplete.
#
#  Out of Memory Error (arena.cpp:195), pid=26356, tid=37236
#
# JRE version: OpenJDK Runtime Environment (16.0.1+9) (build 16.0.1+9-24)
# Java VM: OpenJDK 64-Bit Server VM (16.0.1+9-24, mixed mode, tiered, compressed oops, compressed class ptrs, g1 gc, windows-amd64)
# No core dump will be written. Minidumps are not enabled by default on client versions of Windows
#

---------------  S U M M A R Y ------------

Command Line: -Dfile.encoding=UTF-8 -XX:+ShowCodeDetailsInExceptionMessages exdev.ExdevApplication

Host: 11th Gen Intel(R) Core(TM) i7-1165G7 @ 2.80GHz, 8 cores, 31G,  Windows 10 , 64 bit Build 19041 (10.0.19041.3636)
Time: Mon Apr 29 14:59:44 2024  Windows 10 , 64 bit Build 19041 (10.0.19041.3636) elapsed time: 114.545837 seconds (0d 0h 1m 54s)

---------------  T H R E A D  ---------------

Current thread (0x0000023d48b63000):  JavaThread "C2 CompilerThread1" daemon [_thread_in_native, id=37236, stack(0x0000004159100000,0x0000004159200000)]


Current CompileTask:
C2: 114545 6285       4       jdk.internal.loader.BuiltinClassLoader::defineClass (121 bytes)

Stack: [0x0000004159100000,0x0000004159200000]
Native frames: (J=compiled Java code, j=interpreted, Vv=VM code, C=native code)
V  [jvm.dll+0x6687ca]
V  [jvm.dll+0x7ca3c9]
V  [jvm.dll+0x7cbb53]
V  [jvm.dll+0x7cc1b3]
V  [jvm.dll+0x242ea5]
V  [jvm.dll+0xadeca]
V  [jvm.dll+0xae5ac]
V  [jvm.dll+0x35aed2]
V  [jvm.dll+0x1b9d3a]
V  [jvm.dll+0x216066]
V  [jvm.dll+0x215350]
V  [jvm.dll+0x1a1d9b]
V  [jvm.dll+0x2253a8]
V  [jvm.dll+0x2233ec]
V  [jvm.dll+0x780002]
V  [jvm.dll+0x779b4a]
V  [jvm.dll+0x667666]
C  [ucrtbase.dll+0x21bb2]
C  [KERNEL32.DLL+0x17344]
C  [ntdll.dll+0x526b1]


---------------  P R O C E S S  ---------------

Threads class SMR info:
_java_thread_list=0x0000023d4e7ef210, length=34, elements={
0x0000023d44c5f250, 0x0000023d44c5fc50, 0x0000023d44c94e20, 0x0000023d44c95820,
0x0000023d44c7fff0, 0x0000023d44cc19e0, 0x0000023d44cca630, 0x0000023d44ccaf80,
0x0000023d44cd71c0, 0x0000023d44e40010, 0x0000023d44e409c0, 0x0000023d48996370,
0x0000023d4aaa60a0, 0x0000023d48430a50, 0x0000023d4842f510, 0x0000023d4842ffb0,
0x0000023d4842efc0, 0x0000023d4842fa60, 0x0000023d48431a40, 0x0000023d4a686af0,
0x0000023d4a68aab0, 0x0000023d4a688580, 0x0000023d4a68b000, 0x0000023d4a68c540,
0x0000023d4a686050, 0x0000023d4a687040, 0x0000023d4a685060, 0x0000023d4a68a560,
0x0000023d4a688ad0, 0x0000023d48b63000, 0x0000023d4a687ae0, 0x0000023d4a689020,
0x0000023d4a6855b0, 0x0000023d457f77a0
}

Java Threads: ( => current thread )
  0x0000023d44c5f250 JavaThread "Reference Handler" daemon [_thread_blocked, id=44588, stack(0x0000004159b00000,0x0000004159c00000)]
  0x0000023d44c5fc50 JavaThread "Finalizer" daemon [_thread_blocked, id=42640, stack(0x0000004159c00000,0x0000004159d00000)]
  0x0000023d44c94e20 JavaThread "Signal Dispatcher" daemon [_thread_blocked, id=41452, stack(0x0000004159d00000,0x0000004159e00000)]
  0x0000023d44c95820 JavaThread "Attach Listener" daemon [_thread_blocked, id=14704, stack(0x0000004159e00000,0x0000004159f00000)]
  0x0000023d44c7fff0 JavaThread "Service Thread" daemon [_thread_blocked, id=48760, stack(0x0000004159f00000,0x000000415a000000)]
  0x0000023d44cc19e0 JavaThread "Monitor Deflation Thread" daemon [_thread_blocked, id=43316, stack(0x000000415a000000,0x000000415a100000)]
  0x0000023d44cca630 JavaThread "C2 CompilerThread0" daemon [_thread_in_native, id=29444, stack(0x000000415a100000,0x000000415a200000)]
  0x0000023d44ccaf80 JavaThread "C1 CompilerThread0" daemon [_thread_blocked, id=24204, stack(0x000000415a200000,0x000000415a300000)]
  0x0000023d44cd71c0 JavaThread "Sweeper thread" daemon [_thread_blocked, id=34264, stack(0x000000415a300000,0x000000415a400000)]
  0x0000023d44e40010 JavaThread "Notification Thread" daemon [_thread_blocked, id=14460, stack(0x000000415a400000,0x000000415a500000)]
  0x0000023d44e409c0 JavaThread "Common-Cleaner" daemon [_thread_blocked, id=37104, stack(0x000000415a600000,0x000000415a700000)]
  0x0000023d48996370 JavaThread "Catalina-utility-1" [_thread_blocked, id=36236, stack(0x000000415b500000,0x000000415b600000)]
  0x0000023d4aaa60a0 JavaThread "Catalina-utility-2" [_thread_blocked, id=2812, stack(0x000000415b600000,0x000000415b700000)]
  0x0000023d48430a50 JavaThread "container-0" [_thread_blocked, id=26976, stack(0x000000415b700000,0x000000415b800000)]
  0x0000023d4842f510 JavaThread "File Watcher" daemon [_thread_blocked, id=44768, stack(0x000000415b800000,0x000000415b900000)]
  0x0000023d4842ffb0 JavaThread "Live Reload Server" daemon [_thread_in_native, id=6560, stack(0x000000415ba00000,0x000000415bb00000)]
  0x0000023d4842efc0 JavaThread "http-nio-8083-exec-1" daemon [_thread_blocked, id=44976, stack(0x000000415b900000,0x000000415ba00000)]
  0x0000023d4842fa60 JavaThread "http-nio-8083-exec-2" daemon [_thread_blocked, id=4432, stack(0x000000415bb00000,0x000000415bc00000)]
  0x0000023d48431a40 JavaThread "http-nio-8083-exec-3" daemon [_thread_blocked, id=14424, stack(0x000000415bc00000,0x000000415bd00000)]
  0x0000023d4a686af0 JavaThread "http-nio-8083-exec-4" daemon [_thread_blocked, id=46108, stack(0x000000415bd00000,0x000000415be00000)]
  0x0000023d4a68aab0 JavaThread "http-nio-8083-exec-5" daemon [_thread_blocked, id=3160, stack(0x000000415be00000,0x000000415bf00000)]
  0x0000023d4a688580 JavaThread "http-nio-8083-exec-6" daemon [_thread_blocked, id=43392, stack(0x000000415bf00000,0x000000415c000000)]
  0x0000023d4a68b000 JavaThread "http-nio-8083-exec-7" daemon [_thread_in_Java, id=14832, stack(0x000000415c000000,0x000000415c100000)]
  0x0000023d4a68c540 JavaThread "http-nio-8083-exec-8" daemon [_thread_blocked, id=19072, stack(0x000000415c100000,0x000000415c200000)]
  0x0000023d4a686050 JavaThread "http-nio-8083-exec-9" daemon [_thread_blocked, id=8456, stack(0x000000415c200000,0x000000415c300000)]
  0x0000023d4a687040 JavaThread "http-nio-8083-exec-10" daemon [_thread_blocked, id=35032, stack(0x000000415c300000,0x000000415c400000)]
  0x0000023d4a685060 JavaThread "http-nio-8083-Poller" daemon [_thread_in_native, id=30996, stack(0x000000415c400000,0x000000415c500000)]
  0x0000023d4a68a560 JavaThread "http-nio-8083-Acceptor" daemon [_thread_in_native, id=48536, stack(0x000000415c500000,0x000000415c600000)]
  0x0000023d4a688ad0 JavaThread "DestroyJavaVM" [_thread_blocked, id=13896, stack(0x0000004159400000,0x0000004159500000)]
=>0x0000023d48b63000 JavaThread "C2 CompilerThread1" daemon [_thread_in_native, id=37236, stack(0x0000004159100000,0x0000004159200000)]
  0x0000023d4a687ae0 JavaThread "oracle.jdbc.diagnostics.Diagnostic.CLOCK" daemon [_thread_blocked, id=23280, stack(0x0000004159200000,0x0000004159300000)]
  0x0000023d4a689020 JavaThread "oracle.jdbc.driver.BlockSource.ThreadedCachingBlockSource.BlockReleaser" daemon [_thread_blocked, id=50784, stack(0x0000004159300000,0x0000004159400000)]
  0x0000023d4a6855b0 JavaThread "InterruptTimer" daemon [_thread_blocked, id=38472, stack(0x000000415b300000,0x000000415b400000)]
  0x0000023d457f77a0 JavaThread "C2 CompilerThread2" daemon [_thread_in_native, id=33948, stack(0x000000415c600000,0x000000415c700000)]

Other Threads:
  0x0000023d44c4b920 VMThread "VM Thread" [stack: 0x0000004159a00000,0x0000004159b00000] [id=26548]
  0x0000023d44e40530 WatcherThread [stack: 0x000000415a500000,0x000000415a600000] [id=11976]
  0x0000023d1a3589a0 GCTaskThread "GC Thread#0" [stack: 0x0000004159500000,0x0000004159600000] [id=38148]
  0x0000023d464b2990 GCTaskThread "GC Thread#1" [stack: 0x000000415a800000,0x000000415a900000] [id=26816]
  0x0000023d464b2ca0 GCTaskThread "GC Thread#2" [stack: 0x000000415a900000,0x000000415aa00000] [id=32088]
  0x0000023d46479630 GCTaskThread "GC Thread#3" [stack: 0x000000415aa00000,0x000000415ab00000] [id=50444]
  0x0000023d46479940 GCTaskThread "GC Thread#4" [stack: 0x000000415ab00000,0x000000415ac00000] [id=33056]
  0x0000023d46479c50 GCTaskThread "GC Thread#5" [stack: 0x000000415ac00000,0x000000415ad00000] [id=30632]
  0x0000023d46479f60 GCTaskThread "GC Thread#6" [stack: 0x000000415ad00000,0x000000415ae00000] [id=47048]
  0x0000023d4647a270 GCTaskThread "GC Thread#7" [stack: 0x000000415ae00000,0x000000415af00000] [id=35672]
  0x0000023d1a369f00 ConcurrentGCThread "G1 Main Marker" [stack: 0x0000004159600000,0x0000004159700000] [id=20408]
  0x0000023d1a36a8f0 ConcurrentGCThread "G1 Conc#0" [stack: 0x0000004159700000,0x0000004159800000] [id=17204]
  0x0000023d464ea470 ConcurrentGCThread "G1 Conc#1" [stack: 0x000000415b400000,0x000000415b500000] [id=38884]
  0x0000023d44196100 ConcurrentGCThread "G1 Refine#0" [stack: 0x0000004159800000,0x0000004159900000] [id=9200]
  0x0000023d45fe2780 ConcurrentGCThread "G1 Refine#1" [stack: 0x000000415af00000,0x000000415b000000] [id=30116]
  0x0000023d459fbd10 ConcurrentGCThread "G1 Refine#2" [stack: 0x000000415b000000,0x000000415b100000] [id=29620]
  0x0000023d44196990 ConcurrentGCThread "G1 Service" [stack: 0x0000004159900000,0x0000004159a00000] [id=26384]

Threads with active compile tasks:
C2 CompilerThread0   114574 6382 % !   4       com.sun.crypto.provider.PBKDF2KeyImpl::deriveKey @ 191 (295 bytes)
C2 CompilerThread1   114574 6285       4       jdk.internal.loader.BuiltinClassLoader::defineClass (121 bytes)
C2 CompilerThread2   114574 6375       4       sun.security.provider.DigestBase::engineUpdate (189 bytes)

VM state: not at safepoint (normal execution)

VM Mutex/Monitor currently owned by a thread: None

Heap address: 0x0000000605000000, size: 8112 MB, Compressed Oops mode: Zero based, Oop shift amount: 3

CDS disabled.
Compressed class space mapped at: 0x0000000800000000-0x0000000840000000, reserved size: 1073741824
Narrow klass base: 0x0000000800000000, Narrow klass shift: 0, Narrow klass range: 0x40000000

GC Precious Log:
 CPUs: 8 total, 8 available
 Memory: 32441M
 Large Page Support: Disabled
 NUMA Support: Disabled
 Compressed Oops: Enabled (Zero based)
 Heap Region Size: 4M
 Heap Min Capacity: 8M
 Heap Initial Capacity: 508M
 Heap Max Capacity: 8112M
 Pre-touch: Disabled
 Parallel Workers: 8
 Concurrent Workers: 2
 Concurrent Refinement Workers: 8
 Periodic GC: Disabled

Heap:
 garbage-first heap   total 294912K, used 148043K [0x0000000605000000, 0x0000000800000000)
  region size 4096K, 33 young (135168K), 1 survivors (4096K)
 Metaspace       used 57890K, committed 58304K, reserved 1105920K
  class space    used 6704K, committed 6912K, reserved 1048576K

Heap Regions: E=young(eden), S=young(survivor), O=old, HS=humongous(starts), HC=humongous(continues), CS=collection set, F=free, OA=open archive, CA=closed archive, TAMS=top-at-mark-start (previous, next)
|   0|0x0000000605000000, 0x0000000605400000, 0x0000000605400000|100%| O|  |TAMS 0x0000000605400000, 0x0000000605000000| Untracked 
|   1|0x0000000605400000, 0x000000060579cc00, 0x0000000605800000| 90%| O|  |TAMS 0x000000060579cc00, 0x0000000605400000| Untracked 
|   2|0x0000000605800000, 0x0000000605c00000, 0x0000000605c00000|100%| O|  |TAMS 0x0000000605c00000, 0x0000000605800000| Untracked 
|   3|0x0000000605c00000, 0x0000000606000000, 0x0000000606000000|100%| O|  |TAMS 0x0000000605c76c00, 0x0000000605c00000| Untracked 
|   4|0x0000000606000000, 0x0000000606319800, 0x0000000606400000| 77%| O|  |TAMS 0x0000000606000000, 0x0000000606000000| Untracked 
|   5|0x0000000606400000, 0x0000000606400000, 0x0000000606800000|  0%| F|  |TAMS 0x0000000606400000, 0x0000000606400000| Untracked 
|   6|0x0000000606800000, 0x0000000606800000, 0x0000000606c00000|  0%| F|  |TAMS 0x0000000606800000, 0x0000000606800000| Untracked 
|   7|0x0000000606c00000, 0x0000000606ddc980, 0x0000000607000000| 46%| S|CS|TAMS 0x0000000606c00000, 0x0000000606c00000| Complete 
|   8|0x0000000607000000, 0x0000000607000000, 0x0000000607400000|  0%| F|  |TAMS 0x0000000607000000, 0x0000000607000000| Untracked 
|   9|0x0000000607400000, 0x0000000607400000, 0x0000000607800000|  0%| F|  |TAMS 0x0000000607400000, 0x0000000607400000| Untracked 
|  10|0x0000000607800000, 0x0000000607800000, 0x0000000607c00000|  0%| F|  |TAMS 0x0000000607800000, 0x0000000607800000| Untracked 
|  11|0x0000000607c00000, 0x0000000607c00000, 0x0000000608000000|  0%| F|  |TAMS 0x0000000607c00000, 0x0000000607c00000| Untracked 
|  12|0x0000000608000000, 0x0000000608000000, 0x0000000608400000|  0%| F|  |TAMS 0x0000000608000000, 0x0000000608000000| Untracked 
|  13|0x0000000608400000, 0x0000000608400000, 0x0000000608800000|  0%| F|  |TAMS 0x0000000608400000, 0x0000000608400000| Untracked 
|  14|0x0000000608800000, 0x0000000608800000, 0x0000000608c00000|  0%| F|  |TAMS 0x0000000608800000, 0x0000000608800000| Untracked 
|  15|0x0000000608c00000, 0x0000000608c00000, 0x0000000609000000|  0%| F|  |TAMS 0x0000000608c00000, 0x0000000608c00000| Untracked 
|  16|0x0000000609000000, 0x0000000609000000, 0x0000000609400000|  0%| F|  |TAMS 0x0000000609000000, 0x0000000609000000| Untracked 
|  17|0x0000000609400000, 0x0000000609400000, 0x0000000609800000|  0%| F|  |TAMS 0x0000000609400000, 0x0000000609400000| Untracked 
|  18|0x0000000609800000, 0x0000000609800000, 0x0000000609c00000|  0%| F|  |TAMS 0x0000000609800000, 0x0000000609800000| Untracked 
|  19|0x0000000609c00000, 0x0000000609c00000, 0x000000060a000000|  0%| F|  |TAMS 0x0000000609c00000, 0x0000000609c00000| Untracked 
|  20|0x000000060a000000, 0x000000060a000000, 0x000000060a400000|  0%| F|  |TAMS 0x000000060a000000, 0x000000060a000000| Untracked 
|  21|0x000000060a400000, 0x000000060a400000, 0x000000060a800000|  0%| F|  |TAMS 0x000000060a400000, 0x000000060a400000| Untracked 
|  22|0x000000060a800000, 0x000000060a800000, 0x000000060ac00000|  0%| F|  |TAMS 0x000000060a800000, 0x000000060a800000| Untracked 
|  23|0x000000060ac00000, 0x000000060ac00000, 0x000000060b000000|  0%| F|  |TAMS 0x000000060ac00000, 0x000000060ac00000| Untracked 
|  24|0x000000060b000000, 0x000000060b000000, 0x000000060b400000|  0%| F|  |TAMS 0x000000060b000000, 0x000000060b000000| Untracked 
|  25|0x000000060b400000, 0x000000060b400000, 0x000000060b800000|  0%| F|  |TAMS 0x000000060b400000, 0x000000060b400000| Untracked 
|  26|0x000000060b800000, 0x000000060b800000, 0x000000060bc00000|  0%| F|  |TAMS 0x000000060b800000, 0x000000060b800000| Untracked 
|  27|0x000000060bc00000, 0x000000060bc00000, 0x000000060c000000|  0%| F|  |TAMS 0x000000060bc00000, 0x000000060bc00000| Untracked 
|  28|0x000000060c000000, 0x000000060c000000, 0x000000060c400000|  0%| F|  |TAMS 0x000000060c000000, 0x000000060c000000| Untracked 
|  29|0x000000060c400000, 0x000000060c400000, 0x000000060c800000|  0%| F|  |TAMS 0x000000060c400000, 0x000000060c400000| Untracked 
|  30|0x000000060c800000, 0x000000060c800000, 0x000000060cc00000|  0%| F|  |TAMS 0x000000060c800000, 0x000000060c800000| Untracked 
|  31|0x000000060cc00000, 0x000000060cc00000, 0x000000060d000000|  0%| F|  |TAMS 0x000000060cc00000, 0x000000060cc00000| Untracked 
|  32|0x000000060d000000, 0x000000060d000000, 0x000000060d400000|  0%| F|  |TAMS 0x000000060d000000, 0x000000060d000000| Untracked 
|  33|0x000000060d400000, 0x000000060d400000, 0x000000060d800000|  0%| F|  |TAMS 0x000000060d400000, 0x000000060d400000| Untracked 
|  34|0x000000060d800000, 0x000000060d800000, 0x000000060dc00000|  0%| F|  |TAMS 0x000000060d800000, 0x000000060d800000| Untracked 
|  35|0x000000060dc00000, 0x000000060dc00000, 0x000000060e000000|  0%| F|  |TAMS 0x000000060dc00000, 0x000000060dc00000| Untracked 
|  36|0x000000060e000000, 0x000000060e000000, 0x000000060e400000|  0%| F|  |TAMS 0x000000060e000000, 0x000000060e000000| Untracked 
|  37|0x000000060e400000, 0x000000060e400000, 0x000000060e800000|  0%| F|  |TAMS 0x000000060e400000, 0x000000060e400000| Untracked 
|  38|0x000000060e800000, 0x000000060e800000, 0x000000060ec00000|  0%| F|  |TAMS 0x000000060e800000, 0x000000060e800000| Untracked 
|  39|0x000000060ec00000, 0x000000060ec00000, 0x000000060f000000|  0%| F|  |TAMS 0x000000060ec00000, 0x000000060ec00000| Untracked 
|  40|0x000000060f000000, 0x000000060f368a78, 0x000000060f400000| 85%| E|  |TAMS 0x000000060f000000, 0x000000060f000000| Complete 
|  41|0x000000060f400000, 0x000000060f800000, 0x000000060f800000|100%| E|CS|TAMS 0x000000060f400000, 0x000000060f400000| Complete 
|  42|0x000000060f800000, 0x000000060fc00000, 0x000000060fc00000|100%| E|CS|TAMS 0x000000060f800000, 0x000000060f800000| Complete 
|  43|0x000000060fc00000, 0x0000000610000000, 0x0000000610000000|100%| E|CS|TAMS 0x000000060fc00000, 0x000000060fc00000| Complete 
|  44|0x0000000610000000, 0x0000000610400000, 0x0000000610400000|100%| E|CS|TAMS 0x0000000610000000, 0x0000000610000000| Complete 
|  45|0x0000000610400000, 0x0000000610800000, 0x0000000610800000|100%| E|CS|TAMS 0x0000000610400000, 0x0000000610400000| Complete 
|  46|0x0000000610800000, 0x0000000610c00000, 0x0000000610c00000|100%| E|CS|TAMS 0x0000000610800000, 0x0000000610800000| Complete 
|  47|0x0000000610c00000, 0x0000000611000000, 0x0000000611000000|100%| E|CS|TAMS 0x0000000610c00000, 0x0000000610c00000| Complete 
|  48|0x0000000611000000, 0x0000000611400000, 0x0000000611400000|100%| E|CS|TAMS 0x0000000611000000, 0x0000000611000000| Complete 
|  49|0x0000000611400000, 0x0000000611800000, 0x0000000611800000|100%| E|CS|TAMS 0x0000000611400000, 0x0000000611400000| Complete 
|  50|0x0000000611800000, 0x0000000611c00000, 0x0000000611c00000|100%| E|CS|TAMS 0x0000000611800000, 0x0000000611800000| Complete 
|  51|0x0000000611c00000, 0x0000000612000000, 0x0000000612000000|100%| E|CS|TAMS 0x0000000611c00000, 0x0000000611c00000| Complete 
|  52|0x0000000612000000, 0x0000000612400000, 0x0000000612400000|100%| E|CS|TAMS 0x0000000612000000, 0x0000000612000000| Complete 
|  53|0x0000000612400000, 0x0000000612800000, 0x0000000612800000|100%| E|CS|TAMS 0x0000000612400000, 0x0000000612400000| Complete 
|  54|0x0000000612800000, 0x0000000612c00000, 0x0000000612c00000|100%| E|CS|TAMS 0x0000000612800000, 0x0000000612800000| Complete 
|  55|0x0000000612c00000, 0x0000000613000000, 0x0000000613000000|100%| E|CS|TAMS 0x0000000612c00000, 0x0000000612c00000| Complete 
|  56|0x0000000613000000, 0x0000000613400000, 0x0000000613400000|100%| E|CS|TAMS 0x0000000613000000, 0x0000000613000000| Complete 
|  57|0x0000000613400000, 0x0000000613800000, 0x0000000613800000|100%| E|CS|TAMS 0x0000000613400000, 0x0000000613400000| Complete 
|  58|0x0000000613800000, 0x0000000613c00000, 0x0000000613c00000|100%| E|CS|TAMS 0x0000000613800000, 0x0000000613800000| Complete 
|  59|0x0000000613c00000, 0x0000000614000000, 0x0000000614000000|100%| E|CS|TAMS 0x0000000613c00000, 0x0000000613c00000| Complete 
|  60|0x0000000614000000, 0x0000000614400000, 0x0000000614400000|100%| E|CS|TAMS 0x0000000614000000, 0x0000000614000000| Complete 
|  61|0x0000000614400000, 0x0000000614800000, 0x0000000614800000|100%| E|CS|TAMS 0x0000000614400000, 0x0000000614400000| Complete 
|  62|0x0000000614800000, 0x0000000614c00000, 0x0000000614c00000|100%| E|CS|TAMS 0x0000000614800000, 0x0000000614800000| Complete 
|  63|0x0000000614c00000, 0x0000000615000000, 0x0000000615000000|100%| E|CS|TAMS 0x0000000614c00000, 0x0000000614c00000| Complete 
|  64|0x0000000615000000, 0x0000000615400000, 0x0000000615400000|100%| E|CS|TAMS 0x0000000615000000, 0x0000000615000000| Complete 
|  65|0x0000000615400000, 0x0000000615800000, 0x0000000615800000|100%| E|CS|TAMS 0x0000000615400000, 0x0000000615400000| Complete 
|  66|0x0000000615800000, 0x0000000615c00000, 0x0000000615c00000|100%| E|CS|TAMS 0x0000000615800000, 0x0000000615800000| Complete 
|  67|0x0000000615c00000, 0x0000000616000000, 0x0000000616000000|100%| E|CS|TAMS 0x0000000615c00000, 0x0000000615c00000| Complete 
|  68|0x0000000616000000, 0x0000000616400000, 0x0000000616400000|100%| E|CS|TAMS 0x0000000616000000, 0x0000000616000000| Complete 
|  69|0x0000000616400000, 0x0000000616800000, 0x0000000616800000|100%| E|CS|TAMS 0x0000000616400000, 0x0000000616400000| Complete 
| 123|0x0000000623c00000, 0x0000000624000000, 0x0000000624000000|100%| E|CS|TAMS 0x0000000623c00000, 0x0000000623c00000| Complete 
| 126|0x0000000624800000, 0x0000000624c00000, 0x0000000624c00000|100%| E|CS|TAMS 0x0000000624800000, 0x0000000624800000| Complete 

Card table byte_map: [0x0000023d2faa0000,0x0000023d30a80000] _byte_map_base: 0x0000023d2ca78000

Marking Bits (Prev, Next): (CMBitMap*) 0x0000023d1a358f90, (CMBitMap*) 0x0000023d1a358fd0
 Prev Bits: [0x0000023d31a60000, 0x0000023d39920000)
 Next Bits: [0x0000023d39920000, 0x0000023d417e0000)

Polling page: 0x0000023d1a170000

Metaspace:

Usage:
  Non-class:     49.99 MB used.
      Class:      6.55 MB used.
       Both:     56.53 MB used.

Virtual space:
  Non-class space:       56.00 MB reserved,      50.19 MB ( 90%) committed,  7 nodes.
      Class space:        1.00 GB reserved,       6.75 MB ( <1%) committed,  1 nodes.
              Both:        1.05 GB reserved,      56.94 MB (  5%) committed. 

Chunk freelists:
   Non-Class:  1.78 MB
       Class:  1.20 MB
        Both:  2.98 MB

MaxMetaspaceSize: 17179869184.00 GB
CompressedClassSpaceSize: 1.00 GB
 - commit_granule_bytes: 65536.
 - commit_granule_words: 8192.
 - virtual_space_node_default_size: 1048576.
 - enlarge_chunks_in_place: 1.
 - new_chunks_are_fully_committed: 0.
 - uncommit_free_chunks: 1.
 - use_allocation_guard: 0.
 - handle_deallocations: 1.


Internal statistics:

num_allocs_failed_limit: 8.
num_arena_births: 520.
num_arena_deaths: 0.
num_vsnodes_births: 8.
num_vsnodes_deaths: 0.
num_space_committed: 911.
num_space_uncommitted: 0.
num_chunks_returned_to_freelist: 8.
num_chunks_taken_from_freelist: 2190.
num_chunk_merges: 5.
num_chunk_splits: 1481.
num_chunks_enlarged: 1104.
num_purges: 0.

CodeHeap 'non-profiled nmethods': size=120000Kb used=3618Kb max_used=3618Kb free=116381Kb
 bounds [0x0000023d26b20000, 0x0000023d26eb0000, 0x0000023d2e050000]
CodeHeap 'profiled nmethods': size=120000Kb used=12048Kb max_used=12048Kb free=107951Kb
 bounds [0x0000023d1f5f0000, 0x0000023d201c0000, 0x0000023d26b20000]
CodeHeap 'non-nmethods': size=5760Kb used=1300Kb max_used=1329Kb free=4459Kb
 bounds [0x0000023d1f050000, 0x0000023d1f2c0000, 0x0000023d1f5f0000]
 total_blobs=6205 nmethods=5602 adapters=515
 compilation: enabled
              stopped_count=0, restarted_count=0
 full_count=0

Compilation events (20 events):
Event: 114.537 Thread 0x0000023d44ccaf80 6344       3       java.util.Arrays::fill (21 bytes)
Event: 114.538 Thread 0x0000023d44ccaf80 nmethod 6344 0x0000023d201a1510 code [0x0000023d201a16c0, 0x0000023d201a1878]
Event: 114.538 Thread 0x0000023d44ccaf80 6345       3       sun.security.provider.ByteArrayAccess::i2bBig4 (111 bytes)
Event: 114.538 Thread 0x0000023d44ccaf80 nmethod 6345 0x0000023d201a1990 code [0x0000023d201a1b60, 0x0000023d201a1e48]
Event: 114.538 Thread 0x0000023d44ccaf80 6346       3       java.util.Arrays::fill (23 bytes)
Event: 114.538 Thread 0x0000023d44ccaf80 nmethod 6346 0x0000023d201a1f90 code [0x0000023d201a2140, 0x0000023d201a22f8]
Event: 114.538 Thread 0x0000023d44ccaf80 6347   !   3       javax.crypto.Mac::chooseFirstProvider (236 bytes)
Event: 114.539 Thread 0x0000023d44ccaf80 nmethod 6347 0x0000023d201a2410 code [0x0000023d201a26a0, 0x0000023d201a3698]
Event: 114.539 Thread 0x0000023d44ccaf80 6348       3       sun.security.provider.SHA5::implCompress (13 bytes)
Event: 114.539 Thread 0x0000023d44cca630 6349 %     4       sun.security.provider.SHA5::implCompress0 @ 3 (322 bytes)
Event: 114.539 Thread 0x0000023d44ccaf80 nmethod 6348 0x0000023d201a3b90 code [0x0000023d201a3d60, 0x0000023d201a40c8]
Event: 114.539 Thread 0x0000023d44ccaf80 6350       3       sun.security.provider.DigestBase::engineDigest (112 bytes)
Event: 114.540 Thread 0x0000023d44ccaf80 nmethod 6350 0x0000023d201a4210 code [0x0000023d201a44e0, 0x0000023d201a5148]
Event: 114.540 Thread 0x0000023d44ccaf80 6352       3       sun.security.provider.ByteArrayAccess::b2lBig128 (350 bytes)
Event: 114.540 Thread 0x0000023d44ccaf80 nmethod 6352 0x0000023d201a5590 code [0x0000023d201a5840, 0x0000023d201a61a8]
Event: 114.540 Thread 0x0000023d44ccaf80 6351       3       sun.security.provider.DigestBase::implCompressMultiBlockCheck (67 bytes)
Event: 114.540 Thread 0x0000023d44ccaf80 nmethod 6351 0x0000023d201a6610 code [0x0000023d201a6800, 0x0000023d201a6d68]
Event: 114.540 Thread 0x0000023d44ccaf80 6354       3       sun.security.provider.SHA5::resetHashes (19 bytes)
Event: 114.541 Thread 0x0000023d44ccaf80 nmethod 6354 0x0000023d201a6f90 code [0x0000023d201a7140, 0x0000023d201a7308]
Event: 114.541 Thread 0x0000023d44ccaf80 6356       3       sun.security.provider.ByteArrayAccess::l2bBig (210 bytes)

GC Heap History (20 events):
Event: 1.620 GC heap before
{Heap before GC invocations=5 (full 0):
 garbage-first heap   total 65536K, used 37325K [0x0000000605000000, 0x0000000800000000)
  region size 4096K, 8 young (32768K), 2 survivors (8192K)
 Metaspace       used 30392K, committed 30720K, reserved 1081344K
  class space    used 3411K, committed 3584K, reserved 1048576K
}
Event: 1.623 GC heap after
{Heap after GC invocations=6 (full 0):
 garbage-first heap   total 65536K, used 13845K [0x0000000605000000, 0x0000000800000000)
  region size 4096K, 1 young (4096K), 1 survivors (4096K)
 Metaspace       used 30392K, committed 30720K, reserved 1081344K
  class space    used 3411K, committed 3584K, reserved 1048576K
}
Event: 2.032 GC heap before
{Heap before GC invocations=6 (full 0):
 garbage-first heap   total 65536K, used 38421K [0x0000000605000000, 0x0000000800000000)
  region size 4096K, 7 young (28672K), 1 survivors (4096K)
 Metaspace       used 35528K, committed 35840K, reserved 1081344K
  class space    used 4070K, committed 4224K, reserved 1048576K
}
Event: 2.034 GC heap after
{Heap after GC invocations=7 (full 0):
 garbage-first heap   total 65536K, used 16462K [0x0000000605000000, 0x0000000800000000)
  region size 4096K, 1 young (4096K), 1 survivors (4096K)
 Metaspace       used 35528K, committed 35840K, reserved 1081344K
  class space    used 4070K, committed 4224K, reserved 1048576K
}
Event: 2.036 GC heap before
{Heap before GC invocations=7 (full 0):
 garbage-first heap   total 65536K, used 16462K [0x0000000605000000, 0x0000000800000000)
  region size 4096K, 2 young (8192K), 1 survivors (4096K)
 Metaspace       used 35530K, committed 35840K, reserved 1081344K
  class space    used 4070K, committed 4224K, reserved 1048576K
}
Event: 2.038 GC heap after
{Heap after GC invocations=8 (full 0):
 garbage-first heap   total 65536K, used 16901K [0x0000000605000000, 0x0000000800000000)
  region size 4096K, 1 young (4096K), 1 survivors (4096K)
 Metaspace       used 35530K, committed 35840K, reserved 1081344K
  class space    used 4070K, committed 4224K, reserved 1048576K
}
Event: 2.200 GC heap before
{Heap before GC invocations=9 (full 0):
 garbage-first heap   total 65536K, used 33285K [0x0000000605000000, 0x0000000800000000)
  region size 4096K, 6 young (24576K), 1 survivors (4096K)
 Metaspace       used 36710K, committed 37056K, reserved 1089536K
  class space    used 4206K, committed 4352K, reserved 1048576K
}
Event: 2.201 GC heap after
{Heap after GC invocations=10 (full 0):
 garbage-first heap   total 65536K, used 17330K [0x0000000605000000, 0x0000000800000000)
  region size 4096K, 1 young (4096K), 1 survivors (4096K)
 Metaspace       used 36710K, committed 37056K, reserved 1089536K
  class space    used 4206K, committed 4352K, reserved 1048576K
}
Event: 2.516 GC heap before
{Heap before GC invocations=10 (full 0):
 garbage-first heap   total 65536K, used 41906K [0x0000000605000000, 0x0000000800000000)
  region size 4096K, 7 young (28672K), 1 survivors (4096K)
 Metaspace       used 42786K, committed 43136K, reserved 1089536K
  class space    used 4969K, committed 5120K, reserved 1048576K
}
Event: 2.518 GC heap after
{Heap after GC invocations=11 (full 0):
 garbage-first heap   total 65536K, used 19360K [0x0000000605000000, 0x0000000800000000)
  region size 4096K, 1 young (4096K), 1 survivors (4096K)
 Metaspace       used 42786K, committed 43136K, reserved 1089536K
  class space    used 4969K, committed 5120K, reserved 1048576K
}
Event: 2.573 GC heap before
{Heap before GC invocations=11 (full 0):
 garbage-first heap   total 65536K, used 43936K [0x0000000605000000, 0x0000000800000000)
  region size 4096K, 7 young (28672K), 1 survivors (4096K)
 Metaspace       used 43456K, committed 43840K, reserved 1089536K
  class space    used 5032K, committed 5184K, reserved 1048576K
}
Event: 2.575 GC heap after
{Heap after GC invocations=12 (full 0):
 garbage-first heap   total 65536K, used 19794K [0x0000000605000000, 0x0000000800000000)
  region size 4096K, 1 young (4096K), 1 survivors (4096K)
 Metaspace       used 43456K, committed 43840K, reserved 1089536K
  class space    used 5032K, committed 5184K, reserved 1048576K
}
Event: 2.613 GC heap before
{Heap before GC invocations=12 (full 0):
 garbage-first heap   total 65536K, used 44370K [0x0000000605000000, 0x0000000800000000)
  region size 4096K, 7 young (28672K), 1 survivors (4096K)
 Metaspace       used 43588K, committed 43968K, reserved 1089536K
  class space    used 5032K, committed 5184K, reserved 1048576K
}
Event: 2.614 GC heap after
{Heap after GC invocations=13 (full 0):
 garbage-first heap   total 65536K, used 20076K [0x0000000605000000, 0x0000000800000000)
  region size 4096K, 1 young (4096K), 1 survivors (4096K)
 Metaspace       used 43588K, committed 43968K, reserved 1089536K
  class space    used 5032K, committed 5184K, reserved 1048576K
}
Event: 2.650 GC heap before
{Heap before GC invocations=13 (full 0):
 garbage-first heap   total 65536K, used 44652K [0x0000000605000000, 0x0000000800000000)
  region size 4096K, 7 young (28672K), 1 survivors (4096K)
 Metaspace       used 43700K, committed 44032K, reserved 1089536K
  class space    used 5032K, committed 5184K, reserved 1048576K
}
Event: 2.651 GC heap after
{Heap after GC invocations=14 (full 0):
 garbage-first heap   total 65536K, used 20428K [0x0000000605000000, 0x0000000800000000)
  region size 4096K, 1 young (4096K), 1 survivors (4096K)
 Metaspace       used 43700K, committed 44032K, reserved 1089536K
  class space    used 5032K, committed 5184K, reserved 1048576K
}
Event: 2.682 GC heap before
{Heap before GC invocations=14 (full 0):
 garbage-first heap   total 65536K, used 45004K [0x0000000605000000, 0x0000000800000000)
  region size 4096K, 7 young (28672K), 1 survivors (4096K)
 Metaspace       used 43811K, committed 44224K, reserved 1089536K
  class space    used 5033K, committed 5184K, reserved 1048576K
}
Event: 2.682 GC heap after
{Heap after GC invocations=15 (full 0):
 garbage-first heap   total 65536K, used 20691K [0x0000000605000000, 0x0000000800000000)
  region size 4096K, 1 young (4096K), 1 survivors (4096K)
 Metaspace       used 43811K, committed 44224K, reserved 1089536K
  class space    used 5033K, committed 5184K, reserved 1048576K
}
Event: 2.724 GC heap before
{Heap before GC invocations=15 (full 0):
 garbage-first heap   total 65536K, used 49363K [0x0000000605000000, 0x0000000800000000)
  region size 4096K, 8 young (32768K), 1 survivors (4096K)
 Metaspace       used 44055K, committed 44480K, reserved 1089536K
  class space    used 5058K, committed 5248K, reserved 1048576K
}
Event: 2.725 GC heap after
{Heap after GC invocations=16 (full 0):
 garbage-first heap   total 294912K, used 21067K [0x0000000605000000, 0x0000000800000000)
  region size 4096K, 1 young (4096K), 1 survivors (4096K)
 Metaspace       used 44055K, committed 44480K, reserved 1089536K
  class space    used 5058K, committed 5248K, reserved 1048576K
}

Deoptimization events (20 events):
Event: 114.167 Thread 0x0000023d4a68b000 DEOPT PACKING pc=0x0000023d26b6e300 sp=0x000000415c0fa750
Event: 114.167 Thread 0x0000023d4a68b000 DEOPT UNPACKING pc=0x0000023d1f09f92e sp=0x000000415c0fa738 mode 2
Event: 114.272 Thread 0x0000023d4a68b000 Uncommon trap: trap_request=0xffffff45 fr.pc=0x0000023d26ccfa0c relative=0x000000000000054c
Event: 114.272 Thread 0x0000023d4a68b000 Uncommon trap: reason=unstable_if action=reinterpret pc=0x0000023d26ccfa0c method=java.lang.AbstractStringBuilder.appendChars(Ljava/lang/String;II)V @ 11 c2
Event: 114.272 Thread 0x0000023d4a68b000 DEOPT PACKING pc=0x0000023d26ccfa0c sp=0x000000415c0fa2a0
Event: 114.272 Thread 0x0000023d4a68b000 DEOPT UNPACKING pc=0x0000023d1f09f92e sp=0x000000415c0fa1f0 mode 2
Event: 114.291 Thread 0x0000023d4a68b000 DEOPT PACKING pc=0x0000023d1f74cd63 sp=0x000000415c0f8d90
Event: 114.291 Thread 0x0000023d4a68b000 DEOPT UNPACKING pc=0x0000023d1f09e77e sp=0x000000415c0f82a0 mode 0
Event: 114.427 Thread 0x0000023d4a68b000 Uncommon trap: trap_request=0xffffff45 fr.pc=0x0000023d26d4e1d0 relative=0x0000000000001c50
Event: 114.427 Thread 0x0000023d4a68b000 Uncommon trap: reason=unstable_if action=reinterpret pc=0x0000023d26d4e1d0 method=java.net.URLStreamHandler.parseURL(Ljava/net/URL;Ljava/lang/String;II)V @ 155 c2
Event: 114.427 Thread 0x0000023d4a68b000 DEOPT PACKING pc=0x0000023d26d4e1d0 sp=0x000000415c0f9720
Event: 114.427 Thread 0x0000023d4a68b000 DEOPT UNPACKING pc=0x0000023d1f09f92e sp=0x000000415c0f96d0 mode 2
Event: 114.427 Thread 0x0000023d4a68b000 Uncommon trap: trap_request=0xffffff45 fr.pc=0x0000023d26bfb32c relative=0x00000000000009ec
Event: 114.427 Thread 0x0000023d4a68b000 Uncommon trap: reason=unstable_if action=reinterpret pc=0x0000023d26bfb32c method=sun.net.util.IPAddressUtil.scan(Ljava/lang/String;JJ[C)I @ 14 c2
Event: 114.427 Thread 0x0000023d4a68b000 DEOPT PACKING pc=0x0000023d26bfb32c sp=0x000000415c0f9610
Event: 114.427 Thread 0x0000023d4a68b000 DEOPT UNPACKING pc=0x0000023d1f09f92e sp=0x000000415c0f94e0 mode 2
Event: 114.531 Thread 0x0000023d4a68b000 Uncommon trap: trap_request=0xffffff45 fr.pc=0x0000023d26e5831c relative=0x000000000000017c
Event: 114.531 Thread 0x0000023d4a68b000 Uncommon trap: reason=unstable_if action=reinterpret pc=0x0000023d26e5831c method=java.lang.StringLatin1.trim([B)Ljava/lang/String; @ 60 c2
Event: 114.531 Thread 0x0000023d4a68b000 DEOPT PACKING pc=0x0000023d26e5831c sp=0x000000415c0fa500
Event: 114.531 Thread 0x0000023d4a68b000 DEOPT UNPACKING pc=0x0000023d1f09f92e sp=0x000000415c0fa480 mode 2

Classes unloaded (0 events):
No events

Classes redefined (0 events):
No events

Internal exceptions (20 events):
Event: 3.059 Thread 0x0000023d45b31a20 Exception <a 'java/lang/IncompatibleClassChangeError'{0x00000006154f3878}: Found class java.lang.Object, but interface was expected> (0x00000006154f3878) 
thrown [t:\workspace\open\src\hotspot\share\interpreter\linkResolver.cpp, line 857]
Event: 3.059 Thread 0x0000023d45b31a20 Exception <a 'java/lang/NullPointerException'{0x00000006154f67e0}> (0x00000006154f67e0) 
thrown [t:\workspace\open\src\hotspot\share\interpreter\linkResolver.cpp, line 1385]
Event: 3.208 Thread 0x0000023d45b31a20 Exception <a 'java/lang/NoSuchMethodError'{0x0000000614e83e70}: 'java.lang.Object java.lang.invoke.DirectMethodHandle$Holder.newInvokeSpecial(java.lang.Object, java.lang.Object, int, java.lang.Object, java.lang.Object)'> (0x0000000614e83e70) 
thrown [t:\workspace\open\src\hotspot\share\interpreter\linkResolver.cpp, line 790]
Event: 3.209 Thread 0x0000023d45b31a20 Exception <a 'java/lang/NoSuchMethodError'{0x0000000614e8fbb8}: 'java.lang.Object java.lang.invoke.DirectMethodHandle$Holder.invokeSpecial(java.lang.Object, java.lang.Object, int, java.lang.Object, int, java.lang.Object)'> (0x0000000614e8fbb8) 
thrown [t:\workspace\open\src\hotspot\share\interpreter\linkResolver.cpp, line 790]
Event: 3.209 Thread 0x0000023d45b31a20 Exception <a 'java/lang/NoSuchMethodError'{0x0000000614e97f78}: 'java.lang.Object java.lang.invoke.DirectMethodHandle$Holder.newInvokeSpecial(java.lang.Object, java.lang.Object, int, java.lang.Object, int)'> (0x0000000614e97f78) 
thrown [t:\workspace\open\src\hotspot\share\interpreter\linkResolver.cpp, line 790]
Event: 3.209 Thread 0x0000023d45b31a20 Exception <a 'java/lang/NoSuchMethodError'{0x0000000614e9c188}: 'java.lang.Object java.lang.invoke.DirectMethodHandle$Holder.invokeSpecial(java.lang.Object, java.lang.Object, java.lang.Object, int, java.lang.Object, int)'> (0x0000000614e9c188) 
thrown [t:\workspace\open\src\hotspot\share\interpreter\linkResolver.cpp, line 790]
Event: 3.210 Thread 0x0000023d45b31a20 Exception <a 'java/lang/NoSuchMethodError'{0x0000000614ea6398}: 'void java.lang.invoke.DirectMethodHandle$Holder.invokeVirtual(java.lang.Object, java.lang.Object)'> (0x0000000614ea6398) 
thrown [t:\workspace\open\src\hotspot\share\interpreter\linkResolver.cpp, line 790]
Event: 111.040 Thread 0x0000023d4842efc0 Exception <a 'java/lang/NoSuchMethodError'{0x00000006109ec260}: 'java.lang.Object java.lang.invoke.DirectMethodHandle$Holder.newInvokeSpecial(java.lang.Object, java.lang.Object, java.lang.Object, java.lang.Object, java.lang.Object, java.lang.Object, java.lang.Object)'> (0x00000006109ec260) 
thrown [t:\workspace\open\src\hotspot\share\interpreter\linkResolver.cpp, line 790]
Event: 111.040 Thread 0x0000023d4842efc0 Exception <a 'java/lang/NoSuchMethodError'{0x00000006109f0910}: 'java.lang.Object java.lang.invoke.Invokers$Holder.linkToTargetMethod(java.lang.Object, java.lang.Object, java.lang.Object, java.lang.Object, java.lang.Object, java.lang.Object, java.lang.Object)'> (0x00000006109f0910) 
thrown [t:\workspace\open\src\hotspot\share\interpreter\linkResolver.cpp, line 790]
Event: 111.380 Thread 0x0000023d48431a40 Exception <a 'java/lang/NullPointerException'{0x0000000610618968}> (0x0000000610618968) 
thrown [t:\workspace\open\src\hotspot\share\interpreter\linkResolver.cpp, line 1385]
Event: 111.380 Thread 0x0000023d48431a40 Exception <a 'java/lang/reflect/InvocationTargetException'{0x0000000610618ee8}> (0x0000000610618ee8) 
thrown [t:\workspace\open\src\hotspot\share\runtime\reflection.cpp, line 1157]
Event: 114.252 Thread 0x0000023d4a68b000 Exception <a 'java/lang/NoClassDefFoundError'{0x000000060fa4b648}: oracle/dms/console/DMSConsole> (0x000000060fa4b648) 
thrown [t:\workspace\open\src\hotspot\share\classfile\systemDictionary.cpp, line 245]
Event: 114.252 Thread 0x0000023d4a68b000 Exception <a 'java/lang/reflect/InvocationTargetException'{0x000000060fa4c110}> (0x000000060fa4c110) 
thrown [t:\workspace\open\src\hotspot\share\runtime\reflection.cpp, line 1157]
Event: 114.307 Thread 0x0000023d4a68b000 Exception <a 'java/lang/NullPointerException'{0x000000060f5715c0}> (0x000000060f5715c0) 
thrown [t:\workspace\open\src\hotspot\share\interpreter\linkResolver.cpp, line 1385]
Event: 114.336 Thread 0x0000023d4a68b000 Exception <a 'java/lang/NoSuchMethodError'{0x000000060f659328}: 'java.lang.Object java.lang.invoke.DirectMethodHandle$Holder.newInvokeSpecial(java.lang.Object, java.lang.Object, java.lang.Object, int)'> (0x000000060f659328) 
thrown [t:\workspace\open\src\hotspot\share\interpreter\linkResolver.cpp, line 790]
Event: 114.336 Thread 0x0000023d4a68b000 Exception <a 'java/lang/NoSuchMethodError'{0x000000060f65df20}: 'java.lang.Object java.lang.invoke.DirectMethodHandle$Holder.invokeSpecial(java.lang.Object, java.lang.Object, java.lang.Object, java.lang.Object, int)'> (0x000000060f65df20) 
thrown [t:\workspace\open\src\hotspot\share\interpreter\linkResolver.cpp, line 790]
Event: 114.337 Thread 0x0000023d4a68b000 Exception <a 'java/lang/NoSuchMethodError'{0x000000060f6624d8}: 'java.lang.Object java.lang.invoke.Invokers$Holder.linkToTargetMethod(java.lang.Object, java.lang.Object, int, java.lang.Object)'> (0x000000060f6624d8) 
thrown [t:\workspace\open\src\hotspot\share\interpreter\linkResolver.cpp, line 790]
Event: 114.383 Thread 0x0000023d4a68b000 Exception <a 'java/lang/NoSuchMethodError'{0x000000060f677e98}: 'int java.lang.invoke.DirectMethodHandle$Holder.invokeSpecialIFC(java.lang.Object, java.lang.Object, java.lang.Object)'> (0x000000060f677e98) 
thrown [t:\workspace\open\src\hotspot\share\interpreter\linkResolver.cpp, line 790]
Event: 114.402 Thread 0x0000023d4a68b000 Exception <a 'java/lang/NoSuchMethodError'{0x000000060f6b33a8}: 'java.lang.Object java.lang.invoke.DirectMethodHandle$Holder.invokeVirtual(java.lang.Object, java.lang.Object, int)'> (0x000000060f6b33a8) 
thrown [t:\workspace\open\src\hotspot\share\interpreter\linkResolver.cpp, line 790]
Event: 114.423 Thread 0x0000023d4a68b000 Exception <a 'sun/nio/fs/WindowsException'{0x000000060f75ae98}> (0x000000060f75ae98) 
thrown [t:\workspace\open\src\hotspot\share\prims\jni.cpp, line 579]

Events (20 events):
Event: 114.531 loading class sun/security/provider/SHA5$SHA512
Event: 114.531 loading class sun/security/provider/SHA5
Event: 114.532 loading class sun/security/provider/SHA5 done
Event: 114.532 loading class sun/security/provider/SHA5$SHA512 done
Event: 114.532 loading class javax/crypto/spec/PBEKeySpec
Event: 114.532 loading class javax/crypto/spec/PBEKeySpec done
Event: 114.532 loading class com/sun/crypto/provider/PBKDF2KeyImpl
Event: 114.532 loading class javax/crypto/interfaces/PBEKey
Event: 114.533 loading class javax/crypto/interfaces/PBEKey done
Event: 114.533 loading class com/sun/crypto/provider/PBKDF2KeyImpl done
Event: 114.533 loading class javax/crypto/Mac
Event: 114.533 loading class javax/crypto/Mac done
Event: 114.533 loading class javax/crypto/MacSpi
Event: 114.533 loading class javax/crypto/MacSpi done
Event: 114.533 loading class com/sun/crypto/provider/HmacCore$HmacSHA512
Event: 114.533 loading class com/sun/crypto/provider/HmacCore
Event: 114.533 loading class com/sun/crypto/provider/HmacCore done
Event: 114.533 loading class com/sun/crypto/provider/HmacCore$HmacSHA512 done
Event: 114.533 loading class com/sun/crypto/provider/PBKDF2KeyImpl$1
Event: 114.534 loading class com/sun/crypto/provider/PBKDF2KeyImpl$1 done


Dynamic libraries:
0x00007ff60bd30000 - 0x00007ff60bd3e000 	D:\OCI\eclipse_new\plugins\org.eclipse.justj.openjdk.hotspot.jre.full.win32.x86_64_16.0.1.v20210528-1205\jre\bin\javaw.exe
0x00007fffe31b0000 - 0x00007fffe33a8000 	C:\Windows\SYSTEM32\ntdll.dll
0x00007fffe13c0000 - 0x00007fffe147d000 	C:\Windows\System32\KERNEL32.DLL
0x00007fffe0ce0000 - 0x00007fffe0fd6000 	C:\Windows\System32\KERNELBASE.dll
0x00007fffe0b50000 - 0x00007fffe0c50000 	C:\Windows\System32\ucrtbase.dll
0x00007fffd99a0000 - 0x00007fffd99b8000 	D:\OCI\eclipse_new\plugins\org.eclipse.justj.openjdk.hotspot.jre.full.win32.x86_64_16.0.1.v20210528-1205\jre\bin\jli.dll
0x00007fffda4a0000 - 0x00007fffda4b9000 	D:\OCI\eclipse_new\plugins\org.eclipse.justj.openjdk.hotspot.jre.full.win32.x86_64_16.0.1.v20210528-1205\jre\bin\VCRUNTIME140.dll
0x00007fffe1220000 - 0x00007fffe13bf000 	C:\Windows\System32\USER32.dll
0x00007fffe0fe0000 - 0x00007fffe1002000 	C:\Windows\System32\win32u.dll
0x00007fffe3140000 - 0x00007fffe316b000 	C:\Windows\System32\GDI32.dll
0x00007fffe10c0000 - 0x00007fffe11d7000 	C:\Windows\System32\gdi32full.dll
0x00007fffe0860000 - 0x00007fffe08fd000 	C:\Windows\System32\msvcp_win.dll
0x00007fffd6370000 - 0x00007fffd660a000 	C:\Windows\WinSxS\amd64_microsoft.windows.common-controls_6595b64144ccf1df_6.0.19041.3636_none_60b6a03d71f818d5\COMCTL32.dll
0x00007fffe2f80000 - 0x00007fffe301e000 	C:\Windows\System32\msvcrt.dll
0x00007fffe11e0000 - 0x00007fffe1212000 	C:\Windows\System32\IMM32.DLL
0x00007fffd7f70000 - 0x00007fffd7f7c000 	D:\OCI\eclipse_new\plugins\org.eclipse.justj.openjdk.hotspot.jre.full.win32.x86_64_16.0.1.v20210528-1205\jre\bin\vcruntime140_1.dll
0x00007fffb5220000 - 0x00007fffb52b1000 	D:\OCI\eclipse_new\plugins\org.eclipse.justj.openjdk.hotspot.jre.full.win32.x86_64_16.0.1.v20210528-1205\jre\bin\msvcp140.dll
0x00007fff5fc80000 - 0x00007fff6082b000 	D:\OCI\eclipse_new\plugins\org.eclipse.justj.openjdk.hotspot.jre.full.win32.x86_64_16.0.1.v20210528-1205\jre\bin\server\jvm.dll
0x00007fffe2ed0000 - 0x00007fffe2f80000 	C:\Windows\System32\ADVAPI32.dll
0x00007fffe1ec0000 - 0x00007fffe1f60000 	C:\Windows\System32\sechost.dll
0x00007fffe2690000 - 0x00007fffe27b3000 	C:\Windows\System32\RPCRT4.dll
0x00007fffe09c0000 - 0x00007fffe09e7000 	C:\Windows\System32\bcrypt.dll
0x00007fffe2090000 - 0x00007fffe2098000 	C:\Windows\System32\PSAPI.DLL
0x00007fffd9190000 - 0x00007fffd919a000 	C:\Windows\SYSTEM32\VERSION.dll
0x00007fffcd160000 - 0x00007fffcd187000 	C:\Windows\SYSTEM32\WINMM.dll
0x00007fffda5b0000 - 0x00007fffda5b9000 	C:\Windows\SYSTEM32\WSOCK32.dll
0x00007fffe3020000 - 0x00007fffe308b000 	C:\Windows\System32\WS2_32.dll
0x00007fffdf080000 - 0x00007fffdf092000 	C:\Windows\SYSTEM32\kernel.appcore.dll
0x00007fffda580000 - 0x00007fffda58a000 	D:\OCI\eclipse_new\plugins\org.eclipse.justj.openjdk.hotspot.jre.full.win32.x86_64_16.0.1.v20210528-1205\jre\bin\jimage.dll
0x00007fffdee30000 - 0x00007fffdf014000 	C:\Windows\SYSTEM32\DBGHELP.DLL
0x00007fffd8780000 - 0x00007fffd87b4000 	C:\Windows\SYSTEM32\dbgcore.DLL
0x00007fffe0c50000 - 0x00007fffe0cd2000 	C:\Windows\System32\bcryptPrimitives.dll
0x00007fffd8080000 - 0x00007fffd80a5000 	D:\OCI\eclipse_new\plugins\org.eclipse.justj.openjdk.hotspot.jre.full.win32.x86_64_16.0.1.v20210528-1205\jre\bin\java.dll
0x00007fffd8280000 - 0x00007fffd8298000 	D:\OCI\eclipse_new\plugins\org.eclipse.justj.openjdk.hotspot.jre.full.win32.x86_64_16.0.1.v20210528-1205\jre\bin\zip.dll
0x00007fffe15b0000 - 0x00007fffe1d1b000 	C:\Windows\System32\SHELL32.dll
0x00007fffde5c0000 - 0x00007fffded5e000 	C:\Windows\SYSTEM32\windows.storage.dll
0x00007fffe2900000 - 0x00007fffe2c53000 	C:\Windows\System32\combase.dll
0x00007fffe0290000 - 0x00007fffe02be000 	C:\Windows\SYSTEM32\Wldp.dll
0x00007fffe14e0000 - 0x00007fffe15ad000 	C:\Windows\System32\OLEAUT32.dll
0x00007fffe2c60000 - 0x00007fffe2d0d000 	C:\Windows\System32\SHCORE.dll
0x00007fffe2630000 - 0x00007fffe2685000 	C:\Windows\System32\shlwapi.dll
0x00007fffe0790000 - 0x00007fffe07b3000 	C:\Windows\SYSTEM32\profapi.dll
0x00007fffd7f80000 - 0x00007fffd7f99000 	D:\OCI\eclipse_new\plugins\org.eclipse.justj.openjdk.hotspot.jre.full.win32.x86_64_16.0.1.v20210528-1205\jre\bin\net.dll
0x00007fffdb730000 - 0x00007fffdb83a000 	C:\Windows\SYSTEM32\WINHTTP.dll
0x00007fffdfff0000 - 0x00007fffe005a000 	C:\Windows\system32\mswsock.dll
0x00007fffcc260000 - 0x00007fffcc273000 	D:\OCI\eclipse_new\plugins\org.eclipse.justj.openjdk.hotspot.jre.full.win32.x86_64_16.0.1.v20210528-1205\jre\bin\nio.dll
0x00007fffd9a70000 - 0x00007fffd9a80000 	D:\OCI\eclipse_new\plugins\org.eclipse.justj.openjdk.hotspot.jre.full.win32.x86_64_16.0.1.v20210528-1205\jre\bin\verify.dll
0x00007fffd7b30000 - 0x00007fffd7b39000 	D:\OCI\eclipse_new\plugins\org.eclipse.justj.openjdk.hotspot.jre.full.win32.x86_64_16.0.1.v20210528-1205\jre\bin\management.dll
0x00007fffd3880000 - 0x00007fffd388b000 	D:\OCI\eclipse_new\plugins\org.eclipse.justj.openjdk.hotspot.jre.full.win32.x86_64_16.0.1.v20210528-1205\jre\bin\management_ext.dll
0x00007fffcbb80000 - 0x00007fffcbb97000 	C:\Windows\system32\napinsp.dll
0x00007fffcbb60000 - 0x00007fffcbb7b000 	C:\Windows\system32\pnrpnsp.dll
0x00007fffdb9e0000 - 0x00007fffdb9f5000 	C:\Windows\system32\wshbth.dll
0x00007fffdb6f0000 - 0x00007fffdb70d000 	C:\Windows\system32\NLAapi.dll
0x00007fffdfc80000 - 0x00007fffdfcbb000 	C:\Windows\SYSTEM32\IPHLPAPI.DLL
0x00007fffdfd10000 - 0x00007fffdfddb000 	C:\Windows\SYSTEM32\DNSAPI.dll
0x00007fffe2d10000 - 0x00007fffe2d18000 	C:\Windows\System32\NSI.dll
0x00007fffcbb40000 - 0x00007fffcbb52000 	C:\Windows\System32\winrnr.dll
0x00007fffd9860000 - 0x00007fffd986a000 	C:\Windows\System32\rasadhlp.dll
0x00007fffd91a0000 - 0x00007fffd9220000 	C:\Windows\System32\fwpuclnt.dll
0x00007fffe01e0000 - 0x00007fffe01f8000 	C:\Windows\SYSTEM32\CRYPTSP.dll
0x00007fffdf8a0000 - 0x00007fffdf8d4000 	C:\Windows\system32\rsaenh.dll
0x00007fffe0750000 - 0x00007fffe077e000 	C:\Windows\SYSTEM32\USERENV.dll
0x00007fffe0200000 - 0x00007fffe020c000 	C:\Windows\SYSTEM32\CRYPTBASE.dll
0x00007fffda910000 - 0x00007fffda927000 	C:\Windows\SYSTEM32\dhcpcsvc6.DLL
0x00007fffda8f0000 - 0x00007fffda90d000 	C:\Windows\SYSTEM32\dhcpcsvc.DLL
0x00007fffd7f60000 - 0x00007fffd7f6e000 	D:\OCI\eclipse_new\plugins\org.eclipse.justj.openjdk.hotspot.jre.full.win32.x86_64_16.0.1.v20210528-1205\jre\bin\sunmscapi.dll
0x00007fffe09f0000 - 0x00007fffe0b4e000 	C:\Windows\System32\CRYPT32.dll
0x00007fffe0300000 - 0x00007fffe0328000 	C:\Windows\SYSTEM32\ncrypt.dll
0x00007fffe02c0000 - 0x00007fffe02fb000 	C:\Windows\SYSTEM32\NTASN1.dll
0x00007fffd9a00000 - 0x00007fffd9a07000 	C:\Windows\system32\wshunix.dll

dbghelp: loaded successfully - version: 4.0.5 - missing functions: none
symbol engine: initialized successfully - sym options: 0x614 - pdb path: .;D:\OCI\eclipse_new\plugins\org.eclipse.justj.openjdk.hotspot.jre.full.win32.x86_64_16.0.1.v20210528-1205\jre\bin;C:\Windows\SYSTEM32;C:\Windows\WinSxS\amd64_microsoft.windows.common-controls_6595b64144ccf1df_6.0.19041.3636_none_60b6a03d71f818d5;D:\OCI\eclipse_new\plugins\org.eclipse.justj.openjdk.hotspot.jre.full.win32.x86_64_16.0.1.v20210528-1205\jre\bin\server

VM Arguments:
jvm_args: -Dfile.encoding=UTF-8 -XX:+ShowCodeDetailsInExceptionMessages 
java_command: exdev.ExdevApplication
java_class_path (initial): D:\OCI\workspace\exdev\target\classes;C:\Users\jonsa\.m2\repository\org\springframework\boot\spring-boot-starter-actuator\2.5.3\spring-boot-starter-actuator-2.5.3.jar;C:\Users\jonsa\.m2\repository\org\springframework\boot\spring-boot-starter\2.5.3\spring-boot-starter-2.5.3.jar;C:\Users\jonsa\.m2\repository\org\springframework\boot\spring-boot-starter-logging\2.5.3\spring-boot-starter-logging-2.5.3.jar;C:\Users\jonsa\.m2\repository\ch\qos\logback\logback-classic\1.2.4\logback-classic-1.2.4.jar;C:\Users\jonsa\.m2\repository\ch\qos\logback\logback-core\1.2.4\logback-core-1.2.4.jar;C:\Users\jonsa\.m2\repository\org\apache\logging\log4j\log4j-to-slf4j\2.14.1\log4j-to-slf4j-2.14.1.jar;C:\Users\jonsa\.m2\repository\org\slf4j\jul-to-slf4j\1.7.32\jul-to-slf4j-1.7.32.jar;C:\Users\jonsa\.m2\repository\org\springframework\spring-core\5.3.9\spring-core-5.3.9.jar;C:\Users\jonsa\.m2\repository\org\springframework\spring-jcl\5.3.9\spring-jcl-5.3.9.jar;C:\Users\jonsa\.m2\repository\org\yaml\snakeyaml\1.28\snakeyaml-1.28.jar;C:\Users\jonsa\.m2\repository\org\springframework\boot\spring-boot-actuator-autoconfigure\2.5.3\spring-boot-actuator-autoconfigure-2.5.3.jar;C:\Users\jonsa\.m2\repository\org\springframework\boot\spring-boot-actuator\2.5.3\spring-boot-actuator-2.5.3.jar;C:\Users\jonsa\.m2\repository\com\fasterxml\jackson\core\jackson-databind\2.12.4\jackson-databind-2.12.4.jar;C:\Users\jonsa\.m2\repository\com\fasterxml\jackson\core\jackson-annotations\2.12.4\jackson-annotations-2.12.4.jar;C:\Users\jonsa\.m2\repository\com\fasterxml\jackson\core\jackson-core\2.12.4\jackson-core-2.12.4.jar;C:\Users\jonsa\.m2\repository\com\fasterxml\jackson\datatype\jackson-datatype-jsr310\2.12.4\jackson-datatype-jsr310-2.12.4.jar;C:\Users\jonsa\.m2\repository\io\micrometer\micrometer-core\1.7.2\micrometer-core-1.7.2.jar;C:\Users\jonsa\.m2\repository\org\hdrhistogram\HdrHistogram\2.1.12\HdrHistogram-2.1.12.jar;C:\Users\jonsa\.m2\repository\org\latencyutils\LatencyUtils
Launcher Type: SUN_STANDARD

[Global flags]
     intx CICompilerCount                          = 4                                         {product} {ergonomic}
     uint ConcGCThreads                            = 2                                         {product} {ergonomic}
     uint G1ConcRefinementThreads                  = 8                                         {product} {ergonomic}
   size_t G1HeapRegionSize                         = 4194304                                   {product} {ergonomic}
    uintx GCDrainStackTargetSize                   = 64                                        {product} {ergonomic}
   size_t InitialHeapSize                          = 532676608                                 {product} {ergonomic}
   size_t MarkStackSize                            = 4194304                                   {product} {ergonomic}
   size_t MaxHeapSize                              = 8506048512                                {product} {ergonomic}
   size_t MaxNewSize                               = 5100273664                                {product} {ergonomic}
   size_t MinHeapDeltaBytes                        = 4194304                                   {product} {ergonomic}
   size_t MinHeapSize                              = 8388608                                   {product} {ergonomic}
    uintx NonNMethodCodeHeapSize                   = 5839372                                {pd product} {ergonomic}
    uintx NonProfiledCodeHeapSize                  = 122909434                              {pd product} {ergonomic}
    uintx ProfiledCodeHeapSize                     = 122909434                              {pd product} {ergonomic}
    uintx ReservedCodeCacheSize                    = 251658240                              {pd product} {ergonomic}
     bool SegmentedCodeCache                       = true                                      {product} {ergonomic}
     bool ShowCodeDetailsInExceptionMessages       = true                                   {manageable} {command line}
   size_t SoftMaxHeapSize                          = 8506048512                             {manageable} {ergonomic}
     bool UseCompressedClassPointers               = true                           {product lp64_product} {ergonomic}
     bool UseCompressedOops                        = true                           {product lp64_product} {ergonomic}
     bool UseG1GC                                  = true                                      {product} {ergonomic}
     bool UseLargePagesIndividualAllocation        = false                                  {pd product} {ergonomic}

Logging:
Log output configuration:
 #0: stdout all=warning uptime,level,tags
 #1: stderr all=off uptime,level,tags

Environment Variables:
JAVA_HOME=C:\Java\jdk1.8.0_291
PATH=D:/OCI/eclipse_new//plugins/org.eclipse.justj.openjdk.hotspot.jre.full.win32.x86_64_16.0.1.v20210528-1205/jre/bin/server;D:/OCI/eclipse_new//plugins/org.eclipse.justj.openjdk.hotspot.jre.full.win32.x86_64_16.0.1.v20210528-1205/jre/bin;C:\Program Files\Common Files\Oracle\Java\javapath;C:\Program Files (x86)\Common Files\Oracle\Java\javapath;C:\Program Files (x86)\NAT Service;C:\windows\system32;C:\windows;C:\windows\System32\Wbem;C:\windows\System32\WindowsPowerShell\v1.0\;C:\windows\System32\OpenSSH\;C:\Program Files (x86)\NVIDIA Corporation\PhysX\Common;C:\Program Files\NVIDIA Corporation\NVIDIA NvDLISR;C:\Program Files (x86)\Microsoft SQL Server\150\DTS\Binn\;C:\Program Files\Azure Data Studio\bin;C:\Program Files (x86)\PuTTY\;C:\Program Files\dotnet\;C:\Program Files\VisualSVN Server\bin;C:\Program Files\nodejs\;C:\Program Files\Git\cmd;D:\OCI\apache-maven-3.9.6\bin;C:\Users\jonsa\anaconda3;C:\Users\jonsa\anaconda3\Library\mingw-w64\bin;C:\Users\jonsa\anaconda3\Library\usr\bin;C:\Users\jonsa\anaconda3\Library\bin;C:\Users\jonsa\anaconda3\Scripts;C:\Users\jonsa\AppData\Local\Microsoft\WindowsApps;C:\Program Files\Azure Data Studio\bin;C:\Program Files (x86)\IDM Computer Solutions\UltraEdit\;C:\Users\jonsa\.dotnet\tools;C:\Program Files\JetBrains\PyCharm Community Edition 2022.1.1\bin;;C:\Users\jonsa\AppData\Roaming\npm;C:\Users\jonsa\AppData\Local\GitHubDesktop\bin;C:\Users\jonsa\AppData\Local\Programs\Microsoft VS Code\bin;C:\explan_jsp\eclipse_new;
USERNAME=jonsa
OS=Windows_NT
PROCESSOR_IDENTIFIER=Intel64 Family 6 Model 140 Stepping 1, GenuineIntel



---------------  S Y S T E M  ---------------

OS:
 Windows 10 , 64 bit Build 19041 (10.0.19041.3636)
OS uptime: 18 days 17:44 hours

CPU: total 8 (initial active 8) (4 cores per cpu, 2 threads per core) family 6 model 140 stepping 1 microcode 0xb4, cx8, cmov, fxsr, ht, mmx, 3dnowpref, sse, sse2, sse3, ssse3, sse4.1, sse4.2, popcnt, lzcnt, tsc, tscinvbit, avx, avx2, aes, erms, clmul, bmi1, bmi2, adx, avx512f, avx512dq, avx512cd, avx512bw, avx512vl, sha, fma, vzeroupper, avx512_vpopcntdq, avx512_vpclmulqdq, avx512_vaes, avx512_vnni, clflush, clflushopt, clwb, avx512_vmbi2, avx512_vmbi

Memory: 4k page, system-wide physical 32441M (9290M free)
TotalPageFile size 58040M (AvailPageFile size 5M)
current process WorkingSet (physical memory assigned to process): 340M, peak: 340M
current process commit charge ("private bytes"): 501M, peak: 638M

vm_info: OpenJDK 64-Bit Server VM (16.0.1+9-24) for windows-amd64 JRE (16.0.1+9-24), built on Mar 26 2021 19:30:07 by "mach5one" with MS VC++ 16.7 (VS2019)

END.
