#
# There is insufficient memory for the Java Runtime Environment to continue.
# Native memory allocation (malloc) failed to allocate 32744 bytes for ChunkPool::allocate
# Possible reasons:
#   The system is out of physical RAM or swap space
#   The process is running with CompressedOops enabled, and the Java Heap may be blocking the growth of the native heap
# Possible solutions:
#   Reduce memory load on the system
#   Increase physical memory or swap space
#   Check if swap backing store is full
#   Decrease Java heap size (-Xmx/-Xms)
#   Decrease number of Java threads
#   Decrease Java thread stack sizes (-Xss)
#   Set larger code cache with -XX:ReservedCodeCacheSize=
#   JVM is running with Zero Based Compressed Oops mode in which the Java heap is
#     placed in the first 32GB address space. The Java Heap base address is the
#     maximum limit for the native heap growth. Please use -XX:HeapBaseMinAddress
#     to set the Java Heap base and to place the Java Heap above 32GB virtual address.
# This output file may be truncated or incomplete.
#
#  Out of Memory Error (arena.cpp:79), pid=6856, tid=49792
#
# JRE version: OpenJDK Runtime Environment (16.0.1+9) (build 16.0.1+9-24)
# Java VM: OpenJDK 64-Bit Server VM (16.0.1+9-24, mixed mode, tiered, compressed oops, compressed class ptrs, g1 gc, windows-amd64)
# No core dump will be written. Minidumps are not enabled by default on client versions of Windows
#

---------------  S U M M A R Y ------------

Command Line: -Dfile.encoding=UTF-8 -XX:+ShowCodeDetailsInExceptionMessages exdev.ExdevApplication

Host: 11th Gen Intel(R) Core(TM) i7-1165G7 @ 2.80GHz, 8 cores, 31G,  Windows 10 , 64 bit Build 19041 (10.0.19041.3636)
Time: Mon Apr 29 15:00:01 2024  Windows 10 , 64 bit Build 19041 (10.0.19041.3636) elapsed time: 0.287499 seconds (0d 0h 0m 0s)

---------------  T H R E A D  ---------------

Current thread (0x000002bed2cc51b0):  JavaThread "C1 CompilerThread0" daemon [_thread_in_native, id=49792, stack(0x000000f808e00000,0x000000f808f00000)]


Current CompileTask:
C1:    287  425       3       java.net.URLStreamHandler::parseURL (1201 bytes)

Stack: [0x000000f808e00000,0x000000f808f00000]
Native frames: (J=compiled Java code, j=interpreted, Vv=VM code, C=native code)
V  [jvm.dll+0x6687ca]
V  [jvm.dll+0x7ca3c9]
V  [jvm.dll+0x7cbb53]
V  [jvm.dll+0x7cc1b3]
V  [jvm.dll+0x242ea5]
V  [jvm.dll+0xae25f]
V  [jvm.dll+0xae5ac]
V  [jvm.dll+0xb9e81]
V  [jvm.dll+0x175aef]
V  [jvm.dll+0x17da8f]
V  [jvm.dll+0x17d910]
V  [jvm.dll+0x17572f]
V  [jvm.dll+0x1747d6]
V  [jvm.dll+0x17e53b]
V  [jvm.dll+0x1758e5]
V  [jvm.dll+0x1797bf]
V  [jvm.dll+0x133373]
V  [jvm.dll+0x132c0f]
V  [jvm.dll+0x132e49]
V  [jvm.dll+0x1322af]
V  [jvm.dll+0x134071]
V  [jvm.dll+0x2253a8]
V  [jvm.dll+0x2233ec]
V  [jvm.dll+0x780002]
V  [jvm.dll+0x779b4a]
V  [jvm.dll+0x667666]
C  [ucrtbase.dll+0x21bb2]
C  [KERNEL32.DLL+0x17344]
C  [ntdll.dll+0x526b1]


---------------  P R O C E S S  ---------------

Threads class SMR info:
_java_thread_list=0x000002bed2e45200, length=13, elements={
0x000002beaa1513e0, 0x000002bed2c4b6e0, 0x000002bed2c4c0e0, 0x000002bed2c92800,
0x000002bed2c90b20, 0x000002bed2c91040, 0x000002bed2c91a40, 0x000002bed2cc4860,
0x000002bed2cc51b0, 0x000002bed2ccfef0, 0x000002bed2e310d0, 0x000002bed2e3b900,
0x000002bed2ee7c70
}

Java Threads: ( => current thread )
  0x000002beaa1513e0 JavaThread "main" [_thread_in_vm, id=12624, stack(0x000000f808000000,0x000000f808100000)]
  0x000002bed2c4b6e0 JavaThread "Reference Handler" daemon [_thread_blocked, id=34544, stack(0x000000f808700000,0x000000f808800000)]
  0x000002bed2c4c0e0 JavaThread "Finalizer" daemon [_thread_blocked, id=16280, stack(0x000000f808800000,0x000000f808900000)]
  0x000002bed2c92800 JavaThread "Signal Dispatcher" daemon [_thread_blocked, id=41056, stack(0x000000f808900000,0x000000f808a00000)]
  0x000002bed2c90b20 JavaThread "Attach Listener" daemon [_thread_blocked, id=29440, stack(0x000000f808a00000,0x000000f808b00000)]
  0x000002bed2c91040 JavaThread "Service Thread" daemon [_thread_blocked, id=18132, stack(0x000000f808b00000,0x000000f808c00000)]
  0x000002bed2c91a40 JavaThread "Monitor Deflation Thread" daemon [_thread_blocked, id=25132, stack(0x000000f808c00000,0x000000f808d00000)]
  0x000002bed2cc4860 JavaThread "C2 CompilerThread0" daemon [_thread_blocked, id=47172, stack(0x000000f808d00000,0x000000f808e00000)]
=>0x000002bed2cc51b0 JavaThread "C1 CompilerThread0" daemon [_thread_in_native, id=49792, stack(0x000000f808e00000,0x000000f808f00000)]
  0x000002bed2ccfef0 JavaThread "Sweeper thread" daemon [_thread_blocked, id=29136, stack(0x000000f808f00000,0x000000f809000000)]
  0x000002bed2e310d0 JavaThread "Notification Thread" daemon [_thread_blocked, id=18780, stack(0x000000f809000000,0x000000f809100000)]
  0x000002bed2e3b900 JavaThread "Common-Cleaner" daemon [_thread_blocked, id=17948, stack(0x000000f809200000,0x000000f809300000)]
  0x000002bed2ee7c70 JavaThread "C2 CompilerThread1" daemon [_thread_blocked, id=35260, stack(0x000000f809300000,0x000000f809400000)]

Other Threads:
  0x000002bed2c49be0 VMThread "VM Thread" [stack: 0x000000f808600000,0x000000f808700000] [id=28148]
  0x000002bed2e33600 WatcherThread [stack: 0x000000f809100000,0x000000f809200000] [id=280]
  0x000002beaa1c8a60 GCTaskThread "GC Thread#0" [stack: 0x000000f808100000,0x000000f808200000] [id=36992]
  0x000002beaa1d9fc0 ConcurrentGCThread "G1 Main Marker" [stack: 0x000000f808200000,0x000000f808300000] [id=41360]
  0x000002beaa1dbdc0 ConcurrentGCThread "G1 Conc#0" [stack: 0x000000f808300000,0x000000f808400000] [id=33228]
  0x000002bed2018510 ConcurrentGCThread "G1 Refine#0" [stack: 0x000000f808400000,0x000000f808500000] [id=14768]
  0x000002beaa21db40 ConcurrentGCThread "G1 Service" [stack: 0x000000f808500000,0x000000f808600000] [id=24752]

Threads with active compile tasks:
C1 CompilerThread0      301  425       3       java.net.URLStreamHandler::parseURL (1201 bytes)

VM state: not at safepoint (normal execution)

VM Mutex/Monitor currently owned by a thread:  ([mutex/lock_event])
[0x000002beaa14c190] MetaspaceExpand_lock - owner thread: 0x000002beaa1513e0

Heap address: 0x0000000605000000, size: 8112 MB, Compressed Oops mode: Zero based, Oop shift amount: 3

CDS disabled.
Compressed class space mapped at: 0x0000000800000000-0x0000000840000000, reserved size: 1073741824
Narrow klass base: 0x0000000800000000, Narrow klass shift: 0, Narrow klass range: 0x40000000

GC Precious Log:
 CPUs: 8 total, 8 available
 Memory: 32441M
 Large Page Support: Disabled
 NUMA Support: Disabled
 Compressed Oops: Enabled (Zero based)
 Heap Region Size: 4M
 Heap Min Capacity: 8M
 Heap Initial Capacity: 508M
 Heap Max Capacity: 8112M
 Pre-touch: Disabled
 Parallel Workers: 8
 Concurrent Workers: 2
 Concurrent Refinement Workers: 8
 Periodic GC: Disabled

Heap:
 garbage-first heap   total 520192K, used 4096K [0x0000000605000000, 0x0000000800000000)
  region size 4096K, 3 young (12288K), 0 survivors (0K)
 Metaspace       used 7476K, committed 7552K, reserved 1056768K
  class space    used 638K, committed 704K, reserved 1048576K

Heap Regions: E=young(eden), S=young(survivor), O=old, HS=humongous(starts), HC=humongous(continues), CS=collection set, F=free, OA=open archive, CA=closed archive, TAMS=top-at-mark-start (previous, next)
|   0|0x0000000605000000, 0x0000000605000000, 0x0000000605400000|  0%| F|  |TAMS 0x0000000605000000, 0x0000000605000000| Untracked 
|   1|0x0000000605400000, 0x0000000605400000, 0x0000000605800000|  0%| F|  |TAMS 0x0000000605400000, 0x0000000605400000| Untracked 
|   2|0x0000000605800000, 0x0000000605800000, 0x0000000605c00000|  0%| F|  |TAMS 0x0000000605800000, 0x0000000605800000| Untracked 
|   3|0x0000000605c00000, 0x0000000605c00000, 0x0000000606000000|  0%| F|  |TAMS 0x0000000605c00000, 0x0000000605c00000| Untracked 
|   4|0x0000000606000000, 0x0000000606000000, 0x0000000606400000|  0%| F|  |TAMS 0x0000000606000000, 0x0000000606000000| Untracked 
|   5|0x0000000606400000, 0x0000000606400000, 0x0000000606800000|  0%| F|  |TAMS 0x0000000606400000, 0x0000000606400000| Untracked 
|   6|0x0000000606800000, 0x0000000606800000, 0x0000000606c00000|  0%| F|  |TAMS 0x0000000606800000, 0x0000000606800000| Untracked 
|   7|0x0000000606c00000, 0x0000000606c00000, 0x0000000607000000|  0%| F|  |TAMS 0x0000000606c00000, 0x0000000606c00000| Untracked 
|   8|0x0000000607000000, 0x0000000607000000, 0x0000000607400000|  0%| F|  |TAMS 0x0000000607000000, 0x0000000607000000| Untracked 
|   9|0x0000000607400000, 0x0000000607400000, 0x0000000607800000|  0%| F|  |TAMS 0x0000000607400000, 0x0000000607400000| Untracked 
|  10|0x0000000607800000, 0x0000000607800000, 0x0000000607c00000|  0%| F|  |TAMS 0x0000000607800000, 0x0000000607800000| Untracked 
|  11|0x0000000607c00000, 0x0000000607c00000, 0x0000000608000000|  0%| F|  |TAMS 0x0000000607c00000, 0x0000000607c00000| Untracked 
|  12|0x0000000608000000, 0x0000000608000000, 0x0000000608400000|  0%| F|  |TAMS 0x0000000608000000, 0x0000000608000000| Untracked 
|  13|0x0000000608400000, 0x0000000608400000, 0x0000000608800000|  0%| F|  |TAMS 0x0000000608400000, 0x0000000608400000| Untracked 
|  14|0x0000000608800000, 0x0000000608800000, 0x0000000608c00000|  0%| F|  |TAMS 0x0000000608800000, 0x0000000608800000| Untracked 
|  15|0x0000000608c00000, 0x0000000608c00000, 0x0000000609000000|  0%| F|  |TAMS 0x0000000608c00000, 0x0000000608c00000| Untracked 
|  16|0x0000000609000000, 0x0000000609000000, 0x0000000609400000|  0%| F|  |TAMS 0x0000000609000000, 0x0000000609000000| Untracked 
|  17|0x0000000609400000, 0x0000000609400000, 0x0000000609800000|  0%| F|  |TAMS 0x0000000609400000, 0x0000000609400000| Untracked 
|  18|0x0000000609800000, 0x0000000609800000, 0x0000000609c00000|  0%| F|  |TAMS 0x0000000609800000, 0x0000000609800000| Untracked 
|  19|0x0000000609c00000, 0x0000000609c00000, 0x000000060a000000|  0%| F|  |TAMS 0x0000000609c00000, 0x0000000609c00000| Untracked 
|  20|0x000000060a000000, 0x000000060a000000, 0x000000060a400000|  0%| F|  |TAMS 0x000000060a000000, 0x000000060a000000| Untracked 
|  21|0x000000060a400000, 0x000000060a400000, 0x000000060a800000|  0%| F|  |TAMS 0x000000060a400000, 0x000000060a400000| Untracked 
|  22|0x000000060a800000, 0x000000060a800000, 0x000000060ac00000|  0%| F|  |TAMS 0x000000060a800000, 0x000000060a800000| Untracked 
|  23|0x000000060ac00000, 0x000000060ac00000, 0x000000060b000000|  0%| F|  |TAMS 0x000000060ac00000, 0x000000060ac00000| Untracked 
|  24|0x000000060b000000, 0x000000060b000000, 0x000000060b400000|  0%| F|  |TAMS 0x000000060b000000, 0x000000060b000000| Untracked 
|  25|0x000000060b400000, 0x000000060b400000, 0x000000060b800000|  0%| F|  |TAMS 0x000000060b400000, 0x000000060b400000| Untracked 
|  26|0x000000060b800000, 0x000000060b800000, 0x000000060bc00000|  0%| F|  |TAMS 0x000000060b800000, 0x000000060b800000| Untracked 
|  27|0x000000060bc00000, 0x000000060bc00000, 0x000000060c000000|  0%| F|  |TAMS 0x000000060bc00000, 0x000000060bc00000| Untracked 
|  28|0x000000060c000000, 0x000000060c000000, 0x000000060c400000|  0%| F|  |TAMS 0x000000060c000000, 0x000000060c000000| Untracked 
|  29|0x000000060c400000, 0x000000060c400000, 0x000000060c800000|  0%| F|  |TAMS 0x000000060c400000, 0x000000060c400000| Untracked 
|  30|0x000000060c800000, 0x000000060c800000, 0x000000060cc00000|  0%| F|  |TAMS 0x000000060c800000, 0x000000060c800000| Untracked 
|  31|0x000000060cc00000, 0x000000060cc00000, 0x000000060d000000|  0%| F|  |TAMS 0x000000060cc00000, 0x000000060cc00000| Untracked 
|  32|0x000000060d000000, 0x000000060d000000, 0x000000060d400000|  0%| F|  |TAMS 0x000000060d000000, 0x000000060d000000| Untracked 
|  33|0x000000060d400000, 0x000000060d400000, 0x000000060d800000|  0%| F|  |TAMS 0x000000060d400000, 0x000000060d400000| Untracked 
|  34|0x000000060d800000, 0x000000060d800000, 0x000000060dc00000|  0%| F|  |TAMS 0x000000060d800000, 0x000000060d800000| Untracked 
|  35|0x000000060dc00000, 0x000000060dc00000, 0x000000060e000000|  0%| F|  |TAMS 0x000000060dc00000, 0x000000060dc00000| Untracked 
|  36|0x000000060e000000, 0x000000060e000000, 0x000000060e400000|  0%| F|  |TAMS 0x000000060e000000, 0x000000060e000000| Untracked 
|  37|0x000000060e400000, 0x000000060e400000, 0x000000060e800000|  0%| F|  |TAMS 0x000000060e400000, 0x000000060e400000| Untracked 
|  38|0x000000060e800000, 0x000000060e800000, 0x000000060ec00000|  0%| F|  |TAMS 0x000000060e800000, 0x000000060e800000| Untracked 
|  39|0x000000060ec00000, 0x000000060ec00000, 0x000000060f000000|  0%| F|  |TAMS 0x000000060ec00000, 0x000000060ec00000| Untracked 
|  40|0x000000060f000000, 0x000000060f000000, 0x000000060f400000|  0%| F|  |TAMS 0x000000060f000000, 0x000000060f000000| Untracked 
|  41|0x000000060f400000, 0x000000060f400000, 0x000000060f800000|  0%| F|  |TAMS 0x000000060f400000, 0x000000060f400000| Untracked 
|  42|0x000000060f800000, 0x000000060f800000, 0x000000060fc00000|  0%| F|  |TAMS 0x000000060f800000, 0x000000060f800000| Untracked 
|  43|0x000000060fc00000, 0x000000060fc00000, 0x0000000610000000|  0%| F|  |TAMS 0x000000060fc00000, 0x000000060fc00000| Untracked 
|  44|0x0000000610000000, 0x0000000610000000, 0x0000000610400000|  0%| F|  |TAMS 0x0000000610000000, 0x0000000610000000| Untracked 
|  45|0x0000000610400000, 0x0000000610400000, 0x0000000610800000|  0%| F|  |TAMS 0x0000000610400000, 0x0000000610400000| Untracked 
|  46|0x0000000610800000, 0x0000000610800000, 0x0000000610c00000|  0%| F|  |TAMS 0x0000000610800000, 0x0000000610800000| Untracked 
|  47|0x0000000610c00000, 0x0000000610c00000, 0x0000000611000000|  0%| F|  |TAMS 0x0000000610c00000, 0x0000000610c00000| Untracked 
|  48|0x0000000611000000, 0x0000000611000000, 0x0000000611400000|  0%| F|  |TAMS 0x0000000611000000, 0x0000000611000000| Untracked 
|  49|0x0000000611400000, 0x0000000611400000, 0x0000000611800000|  0%| F|  |TAMS 0x0000000611400000, 0x0000000611400000| Untracked 
|  50|0x0000000611800000, 0x0000000611800000, 0x0000000611c00000|  0%| F|  |TAMS 0x0000000611800000, 0x0000000611800000| Untracked 
|  51|0x0000000611c00000, 0x0000000611c00000, 0x0000000612000000|  0%| F|  |TAMS 0x0000000611c00000, 0x0000000611c00000| Untracked 
|  52|0x0000000612000000, 0x0000000612000000, 0x0000000612400000|  0%| F|  |TAMS 0x0000000612000000, 0x0000000612000000| Untracked 
|  53|0x0000000612400000, 0x0000000612400000, 0x0000000612800000|  0%| F|  |TAMS 0x0000000612400000, 0x0000000612400000| Untracked 
|  54|0x0000000612800000, 0x0000000612800000, 0x0000000612c00000|  0%| F|  |TAMS 0x0000000612800000, 0x0000000612800000| Untracked 
|  55|0x0000000612c00000, 0x0000000612c00000, 0x0000000613000000|  0%| F|  |TAMS 0x0000000612c00000, 0x0000000612c00000| Untracked 
|  56|0x0000000613000000, 0x0000000613000000, 0x0000000613400000|  0%| F|  |TAMS 0x0000000613000000, 0x0000000613000000| Untracked 
|  57|0x0000000613400000, 0x0000000613400000, 0x0000000613800000|  0%| F|  |TAMS 0x0000000613400000, 0x0000000613400000| Untracked 
|  58|0x0000000613800000, 0x0000000613800000, 0x0000000613c00000|  0%| F|  |TAMS 0x0000000613800000, 0x0000000613800000| Untracked 
|  59|0x0000000613c00000, 0x0000000613c00000, 0x0000000614000000|  0%| F|  |TAMS 0x0000000613c00000, 0x0000000613c00000| Untracked 
|  60|0x0000000614000000, 0x0000000614000000, 0x0000000614400000|  0%| F|  |TAMS 0x0000000614000000, 0x0000000614000000| Untracked 
|  61|0x0000000614400000, 0x0000000614400000, 0x0000000614800000|  0%| F|  |TAMS 0x0000000614400000, 0x0000000614400000| Untracked 
|  62|0x0000000614800000, 0x0000000614800000, 0x0000000614c00000|  0%| F|  |TAMS 0x0000000614800000, 0x0000000614800000| Untracked 
|  63|0x0000000614c00000, 0x0000000614c00000, 0x0000000615000000|  0%| F|  |TAMS 0x0000000614c00000, 0x0000000614c00000| Untracked 
|  64|0x0000000615000000, 0x0000000615000000, 0x0000000615400000|  0%| F|  |TAMS 0x0000000615000000, 0x0000000615000000| Untracked 
|  65|0x0000000615400000, 0x0000000615400000, 0x0000000615800000|  0%| F|  |TAMS 0x0000000615400000, 0x0000000615400000| Untracked 
|  66|0x0000000615800000, 0x0000000615800000, 0x0000000615c00000|  0%| F|  |TAMS 0x0000000615800000, 0x0000000615800000| Untracked 
|  67|0x0000000615c00000, 0x0000000615c00000, 0x0000000616000000|  0%| F|  |TAMS 0x0000000615c00000, 0x0000000615c00000| Untracked 
|  68|0x0000000616000000, 0x0000000616000000, 0x0000000616400000|  0%| F|  |TAMS 0x0000000616000000, 0x0000000616000000| Untracked 
|  69|0x0000000616400000, 0x0000000616400000, 0x0000000616800000|  0%| F|  |TAMS 0x0000000616400000, 0x0000000616400000| Untracked 
|  70|0x0000000616800000, 0x0000000616800000, 0x0000000616c00000|  0%| F|  |TAMS 0x0000000616800000, 0x0000000616800000| Untracked 
|  71|0x0000000616c00000, 0x0000000616c00000, 0x0000000617000000|  0%| F|  |TAMS 0x0000000616c00000, 0x0000000616c00000| Untracked 
|  72|0x0000000617000000, 0x0000000617000000, 0x0000000617400000|  0%| F|  |TAMS 0x0000000617000000, 0x0000000617000000| Untracked 
|  73|0x0000000617400000, 0x0000000617400000, 0x0000000617800000|  0%| F|  |TAMS 0x0000000617400000, 0x0000000617400000| Untracked 
|  74|0x0000000617800000, 0x0000000617800000, 0x0000000617c00000|  0%| F|  |TAMS 0x0000000617800000, 0x0000000617800000| Untracked 
|  75|0x0000000617c00000, 0x0000000617c00000, 0x0000000618000000|  0%| F|  |TAMS 0x0000000617c00000, 0x0000000617c00000| Untracked 
|  76|0x0000000618000000, 0x0000000618000000, 0x0000000618400000|  0%| F|  |TAMS 0x0000000618000000, 0x0000000618000000| Untracked 
|  77|0x0000000618400000, 0x0000000618400000, 0x0000000618800000|  0%| F|  |TAMS 0x0000000618400000, 0x0000000618400000| Untracked 
|  78|0x0000000618800000, 0x0000000618800000, 0x0000000618c00000|  0%| F|  |TAMS 0x0000000618800000, 0x0000000618800000| Untracked 
|  79|0x0000000618c00000, 0x0000000618c00000, 0x0000000619000000|  0%| F|  |TAMS 0x0000000618c00000, 0x0000000618c00000| Untracked 
|  80|0x0000000619000000, 0x0000000619000000, 0x0000000619400000|  0%| F|  |TAMS 0x0000000619000000, 0x0000000619000000| Untracked 
|  81|0x0000000619400000, 0x0000000619400000, 0x0000000619800000|  0%| F|  |TAMS 0x0000000619400000, 0x0000000619400000| Untracked 
|  82|0x0000000619800000, 0x0000000619800000, 0x0000000619c00000|  0%| F|  |TAMS 0x0000000619800000, 0x0000000619800000| Untracked 
|  83|0x0000000619c00000, 0x0000000619c00000, 0x000000061a000000|  0%| F|  |TAMS 0x0000000619c00000, 0x0000000619c00000| Untracked 
|  84|0x000000061a000000, 0x000000061a000000, 0x000000061a400000|  0%| F|  |TAMS 0x000000061a000000, 0x000000061a000000| Untracked 
|  85|0x000000061a400000, 0x000000061a400000, 0x000000061a800000|  0%| F|  |TAMS 0x000000061a400000, 0x000000061a400000| Untracked 
|  86|0x000000061a800000, 0x000000061a800000, 0x000000061ac00000|  0%| F|  |TAMS 0x000000061a800000, 0x000000061a800000| Untracked 
|  87|0x000000061ac00000, 0x000000061ac00000, 0x000000061b000000|  0%| F|  |TAMS 0x000000061ac00000, 0x000000061ac00000| Untracked 
|  88|0x000000061b000000, 0x000000061b000000, 0x000000061b400000|  0%| F|  |TAMS 0x000000061b000000, 0x000000061b000000| Untracked 
|  89|0x000000061b400000, 0x000000061b400000, 0x000000061b800000|  0%| F|  |TAMS 0x000000061b400000, 0x000000061b400000| Untracked 
|  90|0x000000061b800000, 0x000000061b800000, 0x000000061bc00000|  0%| F|  |TAMS 0x000000061b800000, 0x000000061b800000| Untracked 
|  91|0x000000061bc00000, 0x000000061bc00000, 0x000000061c000000|  0%| F|  |TAMS 0x000000061bc00000, 0x000000061bc00000| Untracked 
|  92|0x000000061c000000, 0x000000061c000000, 0x000000061c400000|  0%| F|  |TAMS 0x000000061c000000, 0x000000061c000000| Untracked 
|  93|0x000000061c400000, 0x000000061c400000, 0x000000061c800000|  0%| F|  |TAMS 0x000000061c400000, 0x000000061c400000| Untracked 
|  94|0x000000061c800000, 0x000000061c800000, 0x000000061cc00000|  0%| F|  |TAMS 0x000000061c800000, 0x000000061c800000| Untracked 
|  95|0x000000061cc00000, 0x000000061cc00000, 0x000000061d000000|  0%| F|  |TAMS 0x000000061cc00000, 0x000000061cc00000| Untracked 
|  96|0x000000061d000000, 0x000000061d000000, 0x000000061d400000|  0%| F|  |TAMS 0x000000061d000000, 0x000000061d000000| Untracked 
|  97|0x000000061d400000, 0x000000061d400000, 0x000000061d800000|  0%| F|  |TAMS 0x000000061d400000, 0x000000061d400000| Untracked 
|  98|0x000000061d800000, 0x000000061d800000, 0x000000061dc00000|  0%| F|  |TAMS 0x000000061d800000, 0x000000061d800000| Untracked 
|  99|0x000000061dc00000, 0x000000061dc00000, 0x000000061e000000|  0%| F|  |TAMS 0x000000061dc00000, 0x000000061dc00000| Untracked 
| 100|0x000000061e000000, 0x000000061e000000, 0x000000061e400000|  0%| F|  |TAMS 0x000000061e000000, 0x000000061e000000| Untracked 
| 101|0x000000061e400000, 0x000000061e400000, 0x000000061e800000|  0%| F|  |TAMS 0x000000061e400000, 0x000000061e400000| Untracked 
| 102|0x000000061e800000, 0x000000061e800000, 0x000000061ec00000|  0%| F|  |TAMS 0x000000061e800000, 0x000000061e800000| Untracked 
| 103|0x000000061ec00000, 0x000000061ec00000, 0x000000061f000000|  0%| F|  |TAMS 0x000000061ec00000, 0x000000061ec00000| Untracked 
| 104|0x000000061f000000, 0x000000061f000000, 0x000000061f400000|  0%| F|  |TAMS 0x000000061f000000, 0x000000061f000000| Untracked 
| 105|0x000000061f400000, 0x000000061f400000, 0x000000061f800000|  0%| F|  |TAMS 0x000000061f400000, 0x000000061f400000| Untracked 
| 106|0x000000061f800000, 0x000000061f800000, 0x000000061fc00000|  0%| F|  |TAMS 0x000000061f800000, 0x000000061f800000| Untracked 
| 107|0x000000061fc00000, 0x000000061fc00000, 0x0000000620000000|  0%| F|  |TAMS 0x000000061fc00000, 0x000000061fc00000| Untracked 
| 108|0x0000000620000000, 0x0000000620000000, 0x0000000620400000|  0%| F|  |TAMS 0x0000000620000000, 0x0000000620000000| Untracked 
| 109|0x0000000620400000, 0x0000000620400000, 0x0000000620800000|  0%| F|  |TAMS 0x0000000620400000, 0x0000000620400000| Untracked 
| 110|0x0000000620800000, 0x0000000620800000, 0x0000000620c00000|  0%| F|  |TAMS 0x0000000620800000, 0x0000000620800000| Untracked 
| 111|0x0000000620c00000, 0x0000000620c00000, 0x0000000621000000|  0%| F|  |TAMS 0x0000000620c00000, 0x0000000620c00000| Untracked 
| 112|0x0000000621000000, 0x0000000621000000, 0x0000000621400000|  0%| F|  |TAMS 0x0000000621000000, 0x0000000621000000| Untracked 
| 113|0x0000000621400000, 0x0000000621400000, 0x0000000621800000|  0%| F|  |TAMS 0x0000000621400000, 0x0000000621400000| Untracked 
| 114|0x0000000621800000, 0x0000000621800000, 0x0000000621c00000|  0%| F|  |TAMS 0x0000000621800000, 0x0000000621800000| Untracked 
| 115|0x0000000621c00000, 0x0000000621c00000, 0x0000000622000000|  0%| F|  |TAMS 0x0000000621c00000, 0x0000000621c00000| Untracked 
| 116|0x0000000622000000, 0x0000000622000000, 0x0000000622400000|  0%| F|  |TAMS 0x0000000622000000, 0x0000000622000000| Untracked 
| 117|0x0000000622400000, 0x0000000622400000, 0x0000000622800000|  0%| F|  |TAMS 0x0000000622400000, 0x0000000622400000| Untracked 
| 118|0x0000000622800000, 0x0000000622800000, 0x0000000622c00000|  0%| F|  |TAMS 0x0000000622800000, 0x0000000622800000| Untracked 
| 119|0x0000000622c00000, 0x0000000622c00000, 0x0000000623000000|  0%| F|  |TAMS 0x0000000622c00000, 0x0000000622c00000| Untracked 
| 120|0x0000000623000000, 0x0000000623000000, 0x0000000623400000|  0%| F|  |TAMS 0x0000000623000000, 0x0000000623000000| Untracked 
| 121|0x0000000623400000, 0x0000000623400000, 0x0000000623800000|  0%| F|  |TAMS 0x0000000623400000, 0x0000000623400000| Untracked 
| 122|0x0000000623800000, 0x0000000623800000, 0x0000000623c00000|  0%| F|  |TAMS 0x0000000623800000, 0x0000000623800000| Untracked 
| 123|0x0000000623c00000, 0x0000000623c00000, 0x0000000624000000|  0%| F|  |TAMS 0x0000000623c00000, 0x0000000623c00000| Untracked 
| 124|0x0000000624000000, 0x00000006242fcbf0, 0x0000000624400000| 74%| E|  |TAMS 0x0000000624000000, 0x0000000624000000| Complete 
| 125|0x0000000624400000, 0x0000000624800000, 0x0000000624800000|100%| E|CS|TAMS 0x0000000624400000, 0x0000000624400000| Complete 
| 126|0x0000000624800000, 0x0000000624c00000, 0x0000000624c00000|100%| E|  |TAMS 0x0000000624800000, 0x0000000624800000| Complete 

Card table byte_map: [0x000002bebd9c0000,0x000002bebe9a0000] _byte_map_base: 0x000002beba998000

Marking Bits (Prev, Next): (CMBitMap*) 0x000002beaa1c9050, (CMBitMap*) 0x000002beaa1c9090
 Prev Bits: [0x000002bebf980000, 0x000002bec7840000)
 Next Bits: [0x000002bec7840000, 0x000002becf700000)

Polling page: 0x000002bea8140000

Metaspace:

Usage:
  Non-class:      6.68 MB used.
      Class:    638.30 KB used.
       Both:      7.30 MB used.

Virtual space:
  Non-class space:        8.00 MB reserved,       6.69 MB ( 84%) committed,  1 nodes.
      Class space:        1.00 GB reserved,     704.00 KB ( <1%) committed,  1 nodes.
              Both:        1.01 GB reserved,       7.38 MB ( <1%) committed. 

Chunk freelists:
   Non-Class:  896.00 KB
       Class:  3.19 MB
        Both:  4.06 MB

MaxMetaspaceSize: 17179869184.00 GB
CompressedClassSpaceSize: 1.00 GB
 - commit_granule_bytes: 65536.
 - commit_granule_words: 8192.
 - virtual_space_node_default_size: 1048576.
 - enlarge_chunks_in_place: 1.
 - new_chunks_are_fully_committed: 0.
 - uncommit_free_chunks: 1.
 - use_allocation_guard: 0.
 - handle_deallocations: 1.


Internal statistics:

num_allocs_failed_limit: 0.
num_arena_births: 6.
num_arena_deaths: 0.
num_vsnodes_births: 2.
num_vsnodes_deaths: 0.
num_space_committed: 118.
num_space_uncommitted: 0.
num_chunks_returned_to_freelist: 0.
num_chunks_taken_from_freelist: 44.
num_chunk_merges: 0.
num_chunk_splits: 28.
num_chunks_enlarged: 26.
num_purges: 0.

CodeHeap 'non-profiled nmethods': size=120000Kb used=118Kb max_used=118Kb free=119881Kb
 bounds [0x000002beb5180000, 0x000002beb53f0000, 0x000002bebc6b0000]
CodeHeap 'profiled nmethods': size=120000Kb used=642Kb max_used=642Kb free=119357Kb
 bounds [0x000002beadc50000, 0x000002beadec0000, 0x000002beb5180000]
CodeHeap 'non-nmethods': size=5760Kb used=1117Kb max_used=1144Kb free=4642Kb
 bounds [0x000002bead6b0000, 0x000002bead920000, 0x000002beadc50000]
 total_blobs=804 nmethods=426 adapters=291
 compilation: enabled
              stopped_count=0, restarted_count=0
 full_count=0

Compilation events (20 events):
Event: 0.276 Thread 0x000002bed2ee7c70 nmethod 413 0x000002beb519be90 code [0x000002beb519c020, 0x000002beb519c0b8]
Event: 0.276 Thread 0x000002bed2cc51b0 nmethod 415 0x000002beadce9510 code [0x000002beadce96e0, 0x000002beadce9958]
Event: 0.276 Thread 0x000002bed2cc51b0  416       3       java.lang.String::concat (15 bytes)
Event: 0.276 Thread 0x000002bed2cc4860 nmethod 412 0x000002beb519c190 code [0x000002beb519c320, 0x000002beb519c3f8]
Event: 0.276 Thread 0x000002bed2cc51b0 nmethod 416 0x000002beadce9a90 code [0x000002beadce9dc0, 0x000002beadceb258]
Event: 0.276 Thread 0x000002bed2cc51b0  418       3       java.lang.String::<init> (10 bytes)
Event: 0.276 Thread 0x000002bed2cc51b0 nmethod 418 0x000002beadceb990 code [0x000002beadcebb40, 0x000002beadcebc88]
Event: 0.276 Thread 0x000002bed2cc51b0  417       3       java.lang.StringConcatHelper::simpleConcat (94 bytes)
Event: 0.277 Thread 0x000002bed2cc51b0 nmethod 417 0x000002beadcebd90 code [0x000002beadcec0c0, 0x000002beadced4f8]
Event: 0.277 Thread 0x000002bed2cc51b0  420       3       java.lang.ref.WeakReference::<init> (7 bytes)
Event: 0.277 Thread 0x000002bed2cc51b0 nmethod 420 0x000002beadcedc10 code [0x000002beadceddc0, 0x000002beadcee0b8]
Event: 0.277 Thread 0x000002bed2cc51b0  421   !   3       jdk.internal.loader.BuiltinClassLoader::loadClassOrNull (143 bytes)
Event: 0.278 Thread 0x000002bed2cc51b0 nmethod 421 0x000002beadcee190 code [0x000002beadcee4c0, 0x000002beadcefa38]
Event: 0.278 Thread 0x000002bed2cc51b0  422       3       java.lang.ClassLoader::getClassLoadingLock (35 bytes)
Event: 0.278 Thread 0x000002bed2cc51b0 nmethod 422 0x000002beadcf0290 code [0x000002beadcf0460, 0x000002beadcf0768]
Event: 0.278 Thread 0x000002bed2cc51b0  423       1       java.lang.NamedPackage::module (5 bytes)
Event: 0.278 Thread 0x000002bed2cc51b0 nmethod 423 0x000002beb519ca10 code [0x000002beb519cba0, 0x000002beb519cc78]
Event: 0.278 Thread 0x000002bed2cc4860  424       4       java.lang.String::startsWith (138 bytes)
Event: 0.279 Thread 0x000002bed2cc51b0  425       3       java.net.URLStreamHandler::parseURL (1201 bytes)
Event: 0.280 Thread 0x000002bed2cc4860 nmethod 424 0x000002beb519cd10 code [0x000002beb519cea0, 0x000002beb519d0f8]

GC Heap History (0 events):
No events

Deoptimization events (20 events):
Event: 0.129 Thread 0x000002beaa1513e0 DEOPT PACKING pc=0x000002beb5183d7c sp=0x000000f8080fa930
Event: 0.129 Thread 0x000002beaa1513e0 DEOPT UNPACKING pc=0x000002bead6ff92e sp=0x000000f8080fa8c0 mode 2
Event: 0.157 Thread 0x000002beaa1513e0 DEOPT PACKING pc=0x000002beadc59fe7 sp=0x000000f8080fc020
Event: 0.157 Thread 0x000002beaa1513e0 DEOPT UNPACKING pc=0x000002bead6fe77e sp=0x000000f8080fb440 mode 0
Event: 0.270 Thread 0x000002beaa1513e0 Uncommon trap: trap_request=0xffffff45 fr.pc=0x000002beb5199664 relative=0x0000000000000244
Event: 0.270 Thread 0x000002beaa1513e0 Uncommon trap: reason=unstable_if action=reinterpret pc=0x000002beb5199664 method=java.io.BufferedReader.read()I @ 19 c2
Event: 0.270 Thread 0x000002beaa1513e0 DEOPT PACKING pc=0x000002beb5199664 sp=0x000000f8080fc760
Event: 0.270 Thread 0x000002beaa1513e0 DEOPT UNPACKING pc=0x000002bead6ff92e sp=0x000000f8080fc6a0 mode 2
Event: 0.270 Thread 0x000002beaa1513e0 Uncommon trap: trap_request=0xffffff45 fr.pc=0x000002beb5199074 relative=0x0000000000000254
Event: 0.270 Thread 0x000002beaa1513e0 Uncommon trap: reason=unstable_if action=reinterpret pc=0x000002beb5199074 method=java.io.BufferedReader.read()I @ 19 c2
Event: 0.270 Thread 0x000002beaa1513e0 DEOPT PACKING pc=0x000002beb5199074 sp=0x000000f8080fc5a0
Event: 0.270 Thread 0x000002beaa1513e0 DEOPT UNPACKING pc=0x000002bead6ff92e sp=0x000000f8080fc550 mode 2
Event: 0.271 Thread 0x000002beaa1513e0 Uncommon trap: trap_request=0xffffff45 fr.pc=0x000002beb5180c98 relative=0x0000000000000078
Event: 0.271 Thread 0x000002beaa1513e0 Uncommon trap: reason=unstable_if action=reinterpret pc=0x000002beb5180c98 method=java.lang.String.isLatin1()Z @ 10 c2
Event: 0.271 Thread 0x000002beaa1513e0 DEOPT PACKING pc=0x000002beb5180c98 sp=0x000000f8080fbb50
Event: 0.271 Thread 0x000002beaa1513e0 DEOPT UNPACKING pc=0x000002bead6ff92e sp=0x000000f8080fba90 mode 2
Event: 0.271 Thread 0x000002beaa1513e0 Uncommon trap: trap_request=0xffffff45 fr.pc=0x000002beb5189e7c relative=0x000000000000005c
Event: 0.271 Thread 0x000002beaa1513e0 Uncommon trap: reason=unstable_if action=reinterpret pc=0x000002beb5189e7c method=java.lang.AbstractStringBuilder.isLatin1()Z @ 10 c2
Event: 0.271 Thread 0x000002beaa1513e0 DEOPT PACKING pc=0x000002beb5189e7c sp=0x000000f8080fbbd0
Event: 0.271 Thread 0x000002beaa1513e0 DEOPT UNPACKING pc=0x000002bead6ff92e sp=0x000000f8080fbb60 mode 2

Classes unloaded (0 events):
No events

Classes redefined (0 events):
No events

Internal exceptions (2 events):
Event: 0.268 Thread 0x000002beaa1513e0 Exception <a 'java/lang/ClassNotFoundException'{0x00000006241f5bd0}: javax/smartcardio/CardPermission> (0x00000006241f5bd0) 
thrown [t:\workspace\open\src\hotspot\share\classfile\systemDictionary.cpp, line 256]
Event: 0.271 Thread 0x000002beaa1513e0 Exception <a 'java/io/FileNotFoundException'{0x00000006242041a0}> (0x00000006242041a0) 
thrown [t:\workspace\open\src\hotspot\share\prims\jni.cpp, line 579]

Events (20 events):
Event: 0.272 loading class java/util/PropertyPermissionCollection$1
Event: 0.272 loading class java/util/PropertyPermissionCollection$1 done
Event: 0.272 loading class sun/net/www/protocol/file/FileURLConnection
Event: 0.272 loading class sun/net/www/URLConnection
Event: 0.272 loading class java/net/URLConnection
Event: 0.273 loading class java/net/URLConnection done
Event: 0.273 loading class sun/net/www/URLConnection done
Event: 0.273 loading class sun/net/www/protocol/file/FileURLConnection done
Event: 0.273 loading class sun/net/www/MessageHeader
Event: 0.273 loading class sun/net/www/MessageHeader done
Event: 0.273 loading class java/io/FilePermissionCollection
Event: 0.273 loading class java/io/FilePermissionCollection done
Event: 0.273 loading class java/io/FilePermissionCollection$1
Event: 0.273 loading class java/io/FilePermissionCollection$1 done
Event: 0.273 loading class java/security/PermissionsEnumerator
Event: 0.273 loading class java/security/PermissionsEnumerator done
Event: 0.273 loading class java/security/AccessControlException
Event: 0.273 loading class java/security/AccessControlException done
Event: 0.275 loading class jdk/internal/misc/ScopedMemoryAccess$Scope
Event: 0.276 loading class jdk/internal/misc/ScopedMemoryAccess$Scope done


Dynamic libraries:
0x00007ff60bd30000 - 0x00007ff60bd3e000 	D:\OCI\eclipse_new\plugins\org.eclipse.justj.openjdk.hotspot.jre.full.win32.x86_64_16.0.1.v20210528-1205\jre\bin\javaw.exe
0x00007fffe31b0000 - 0x00007fffe33a8000 	C:\Windows\SYSTEM32\ntdll.dll
0x00007fffe13c0000 - 0x00007fffe147d000 	C:\Windows\System32\KERNEL32.DLL
0x00007fffe0ce0000 - 0x00007fffe0fd6000 	C:\Windows\System32\KERNELBASE.dll
0x00007fffe0b50000 - 0x00007fffe0c50000 	C:\Windows\System32\ucrtbase.dll
0x00007fffd99a0000 - 0x00007fffd99b8000 	D:\OCI\eclipse_new\plugins\org.eclipse.justj.openjdk.hotspot.jre.full.win32.x86_64_16.0.1.v20210528-1205\jre\bin\jli.dll
0x00007fffda4a0000 - 0x00007fffda4b9000 	D:\OCI\eclipse_new\plugins\org.eclipse.justj.openjdk.hotspot.jre.full.win32.x86_64_16.0.1.v20210528-1205\jre\bin\VCRUNTIME140.dll
0x00007fffe1220000 - 0x00007fffe13bf000 	C:\Windows\System32\USER32.dll
0x00007fffe0fe0000 - 0x00007fffe1002000 	C:\Windows\System32\win32u.dll
0x00007fffe3140000 - 0x00007fffe316b000 	C:\Windows\System32\GDI32.dll
0x00007fffe10c0000 - 0x00007fffe11d7000 	C:\Windows\System32\gdi32full.dll
0x00007fffe0860000 - 0x00007fffe08fd000 	C:\Windows\System32\msvcp_win.dll
0x00007fffd6370000 - 0x00007fffd660a000 	C:\Windows\WinSxS\amd64_microsoft.windows.common-controls_6595b64144ccf1df_6.0.19041.3636_none_60b6a03d71f818d5\COMCTL32.dll
0x00007fffe2f80000 - 0x00007fffe301e000 	C:\Windows\System32\msvcrt.dll
0x00007fffe11e0000 - 0x00007fffe1212000 	C:\Windows\System32\IMM32.DLL
0x00007fffd7f70000 - 0x00007fffd7f7c000 	D:\OCI\eclipse_new\plugins\org.eclipse.justj.openjdk.hotspot.jre.full.win32.x86_64_16.0.1.v20210528-1205\jre\bin\vcruntime140_1.dll
0x00007fffb5220000 - 0x00007fffb52b1000 	D:\OCI\eclipse_new\plugins\org.eclipse.justj.openjdk.hotspot.jre.full.win32.x86_64_16.0.1.v20210528-1205\jre\bin\msvcp140.dll
0x00007fff5fc80000 - 0x00007fff6082b000 	D:\OCI\eclipse_new\plugins\org.eclipse.justj.openjdk.hotspot.jre.full.win32.x86_64_16.0.1.v20210528-1205\jre\bin\server\jvm.dll
0x00007fffe2ed0000 - 0x00007fffe2f80000 	C:\Windows\System32\ADVAPI32.dll
0x00007fffe1ec0000 - 0x00007fffe1f60000 	C:\Windows\System32\sechost.dll
0x00007fffe2690000 - 0x00007fffe27b3000 	C:\Windows\System32\RPCRT4.dll
0x00007fffe09c0000 - 0x00007fffe09e7000 	C:\Windows\System32\bcrypt.dll
0x00007fffe2090000 - 0x00007fffe2098000 	C:\Windows\System32\PSAPI.DLL
0x00007fffda5b0000 - 0x00007fffda5b9000 	C:\Windows\SYSTEM32\WSOCK32.dll
0x00007fffcd160000 - 0x00007fffcd187000 	C:\Windows\SYSTEM32\WINMM.dll
0x00007fffd9190000 - 0x00007fffd919a000 	C:\Windows\SYSTEM32\VERSION.dll
0x00007fffe3020000 - 0x00007fffe308b000 	C:\Windows\System32\WS2_32.dll
0x00007fffdf080000 - 0x00007fffdf092000 	C:\Windows\SYSTEM32\kernel.appcore.dll
0x00007fffda580000 - 0x00007fffda58a000 	D:\OCI\eclipse_new\plugins\org.eclipse.justj.openjdk.hotspot.jre.full.win32.x86_64_16.0.1.v20210528-1205\jre\bin\jimage.dll
0x00007fffdee30000 - 0x00007fffdf014000 	C:\Windows\SYSTEM32\DBGHELP.DLL
0x00007fffd8780000 - 0x00007fffd87b4000 	C:\Windows\SYSTEM32\dbgcore.DLL
0x00007fffe0c50000 - 0x00007fffe0cd2000 	C:\Windows\System32\bcryptPrimitives.dll
0x00007fffd8080000 - 0x00007fffd80a5000 	D:\OCI\eclipse_new\plugins\org.eclipse.justj.openjdk.hotspot.jre.full.win32.x86_64_16.0.1.v20210528-1205\jre\bin\java.dll
0x00007fffd8280000 - 0x00007fffd8298000 	D:\OCI\eclipse_new\plugins\org.eclipse.justj.openjdk.hotspot.jre.full.win32.x86_64_16.0.1.v20210528-1205\jre\bin\zip.dll
0x00007fffe15b0000 - 0x00007fffe1d1b000 	C:\Windows\System32\SHELL32.dll
0x00007fffde5c0000 - 0x00007fffded5e000 	C:\Windows\SYSTEM32\windows.storage.dll
0x00007fffe2900000 - 0x00007fffe2c53000 	C:\Windows\System32\combase.dll
0x00007fffe0290000 - 0x00007fffe02be000 	C:\Windows\SYSTEM32\Wldp.dll
0x00007fffe14e0000 - 0x00007fffe15ad000 	C:\Windows\System32\OLEAUT32.dll
0x00007fffe2c60000 - 0x00007fffe2d0d000 	C:\Windows\System32\SHCORE.dll
0x00007fffe2630000 - 0x00007fffe2685000 	C:\Windows\System32\shlwapi.dll
0x00007fffe0790000 - 0x00007fffe07b3000 	C:\Windows\SYSTEM32\profapi.dll
0x00007fffd7f80000 - 0x00007fffd7f99000 	D:\OCI\eclipse_new\plugins\org.eclipse.justj.openjdk.hotspot.jre.full.win32.x86_64_16.0.1.v20210528-1205\jre\bin\net.dll
0x00007fffdb730000 - 0x00007fffdb83a000 	C:\Windows\SYSTEM32\WINHTTP.dll
0x00007fffdfff0000 - 0x00007fffe005a000 	C:\Windows\system32\mswsock.dll
0x00007fffcc260000 - 0x00007fffcc273000 	D:\OCI\eclipse_new\plugins\org.eclipse.justj.openjdk.hotspot.jre.full.win32.x86_64_16.0.1.v20210528-1205\jre\bin\nio.dll
0x00007fffd9a70000 - 0x00007fffd9a80000 	D:\OCI\eclipse_new\plugins\org.eclipse.justj.openjdk.hotspot.jre.full.win32.x86_64_16.0.1.v20210528-1205\jre\bin\verify.dll

dbghelp: loaded successfully - version: 4.0.5 - missing functions: none
symbol engine: initialized successfully - sym options: 0x614 - pdb path: .;D:\OCI\eclipse_new\plugins\org.eclipse.justj.openjdk.hotspot.jre.full.win32.x86_64_16.0.1.v20210528-1205\jre\bin;C:\Windows\SYSTEM32;C:\Windows\WinSxS\amd64_microsoft.windows.common-controls_6595b64144ccf1df_6.0.19041.3636_none_60b6a03d71f818d5;D:\OCI\eclipse_new\plugins\org.eclipse.justj.openjdk.hotspot.jre.full.win32.x86_64_16.0.1.v20210528-1205\jre\bin\server

VM Arguments:
jvm_args: -Dfile.encoding=UTF-8 -XX:+ShowCodeDetailsInExceptionMessages 
java_command: exdev.ExdevApplication
java_class_path (initial): D:\OCI\workspace\exdev\target\classes;C:\Users\jonsa\.m2\repository\org\springframework\boot\spring-boot-starter-actuator\2.5.3\spring-boot-starter-actuator-2.5.3.jar;C:\Users\jonsa\.m2\repository\org\springframework\boot\spring-boot-starter\2.5.3\spring-boot-starter-2.5.3.jar;C:\Users\jonsa\.m2\repository\org\springframework\boot\spring-boot-starter-logging\2.5.3\spring-boot-starter-logging-2.5.3.jar;C:\Users\jonsa\.m2\repository\ch\qos\logback\logback-classic\1.2.4\logback-classic-1.2.4.jar;C:\Users\jonsa\.m2\repository\ch\qos\logback\logback-core\1.2.4\logback-core-1.2.4.jar;C:\Users\jonsa\.m2\repository\org\apache\logging\log4j\log4j-to-slf4j\2.14.1\log4j-to-slf4j-2.14.1.jar;C:\Users\jonsa\.m2\repository\org\slf4j\jul-to-slf4j\1.7.32\jul-to-slf4j-1.7.32.jar;C:\Users\jonsa\.m2\repository\org\springframework\spring-core\5.3.9\spring-core-5.3.9.jar;C:\Users\jonsa\.m2\repository\org\springframework\spring-jcl\5.3.9\spring-jcl-5.3.9.jar;C:\Users\jonsa\.m2\repository\org\yaml\snakeyaml\1.28\snakeyaml-1.28.jar;C:\Users\jonsa\.m2\repository\org\springframework\boot\spring-boot-actuator-autoconfigure\2.5.3\spring-boot-actuator-autoconfigure-2.5.3.jar;C:\Users\jonsa\.m2\repository\org\springframework\boot\spring-boot-actuator\2.5.3\spring-boot-actuator-2.5.3.jar;C:\Users\jonsa\.m2\repository\com\fasterxml\jackson\core\jackson-databind\2.12.4\jackson-databind-2.12.4.jar;C:\Users\jonsa\.m2\repository\com\fasterxml\jackson\core\jackson-annotations\2.12.4\jackson-annotations-2.12.4.jar;C:\Users\jonsa\.m2\repository\com\fasterxml\jackson\core\jackson-core\2.12.4\jackson-core-2.12.4.jar;C:\Users\jonsa\.m2\repository\com\fasterxml\jackson\datatype\jackson-datatype-jsr310\2.12.4\jackson-datatype-jsr310-2.12.4.jar;C:\Users\jonsa\.m2\repository\io\micrometer\micrometer-core\1.7.2\micrometer-core-1.7.2.jar;C:\Users\jonsa\.m2\repository\org\hdrhistogram\HdrHistogram\2.1.12\HdrHistogram-2.1.12.jar;C:\Users\jonsa\.m2\repository\org\latencyutils\LatencyUtils
Launcher Type: SUN_STANDARD

[Global flags]
     intx CICompilerCount                          = 4                                         {product} {ergonomic}
     uint ConcGCThreads                            = 2                                         {product} {ergonomic}
     uint G1ConcRefinementThreads                  = 8                                         {product} {ergonomic}
   size_t G1HeapRegionSize                         = 4194304                                   {product} {ergonomic}
    uintx GCDrainStackTargetSize                   = 64                                        {product} {ergonomic}
   size_t InitialHeapSize                          = 532676608                                 {product} {ergonomic}
   size_t MarkStackSize                            = 4194304                                   {product} {ergonomic}
   size_t MaxHeapSize                              = 8506048512                                {product} {ergonomic}
   size_t MaxNewSize                               = 5100273664                                {product} {ergonomic}
   size_t MinHeapDeltaBytes                        = 4194304                                   {product} {ergonomic}
   size_t MinHeapSize                              = 8388608                                   {product} {ergonomic}
    uintx NonNMethodCodeHeapSize                   = 5839372                                {pd product} {ergonomic}
    uintx NonProfiledCodeHeapSize                  = 122909434                              {pd product} {ergonomic}
    uintx ProfiledCodeHeapSize                     = 122909434                              {pd product} {ergonomic}
    uintx ReservedCodeCacheSize                    = 251658240                              {pd product} {ergonomic}
     bool SegmentedCodeCache                       = true                                      {product} {ergonomic}
     bool ShowCodeDetailsInExceptionMessages       = true                                   {manageable} {command line}
   size_t SoftMaxHeapSize                          = 8506048512                             {manageable} {ergonomic}
     bool UseCompressedClassPointers               = true                           {product lp64_product} {ergonomic}
     bool UseCompressedOops                        = true                           {product lp64_product} {ergonomic}
     bool UseG1GC                                  = true                                      {product} {ergonomic}
     bool UseLargePagesIndividualAllocation        = false                                  {pd product} {ergonomic}

Logging:
Log output configuration:
 #0: stdout all=warning uptime,level,tags
 #1: stderr all=off uptime,level,tags

Environment Variables:
JAVA_HOME=C:\Java\jdk1.8.0_291
PATH=D:/OCI/eclipse_new//plugins/org.eclipse.justj.openjdk.hotspot.jre.full.win32.x86_64_16.0.1.v20210528-1205/jre/bin/server;D:/OCI/eclipse_new//plugins/org.eclipse.justj.openjdk.hotspot.jre.full.win32.x86_64_16.0.1.v20210528-1205/jre/bin;C:\Program Files\Common Files\Oracle\Java\javapath;C:\Program Files (x86)\Common Files\Oracle\Java\javapath;C:\Program Files (x86)\NAT Service;C:\windows\system32;C:\windows;C:\windows\System32\Wbem;C:\windows\System32\WindowsPowerShell\v1.0\;C:\windows\System32\OpenSSH\;C:\Program Files (x86)\NVIDIA Corporation\PhysX\Common;C:\Program Files\NVIDIA Corporation\NVIDIA NvDLISR;C:\Program Files (x86)\Microsoft SQL Server\150\DTS\Binn\;C:\Program Files\Azure Data Studio\bin;C:\Program Files (x86)\PuTTY\;C:\Program Files\dotnet\;C:\Program Files\VisualSVN Server\bin;C:\Program Files\nodejs\;C:\Program Files\Git\cmd;D:\OCI\apache-maven-3.9.6\bin;C:\Users\jonsa\anaconda3;C:\Users\jonsa\anaconda3\Library\mingw-w64\bin;C:\Users\jonsa\anaconda3\Library\usr\bin;C:\Users\jonsa\anaconda3\Library\bin;C:\Users\jonsa\anaconda3\Scripts;C:\Users\jonsa\AppData\Local\Microsoft\WindowsApps;C:\Program Files\Azure Data Studio\bin;C:\Program Files (x86)\IDM Computer Solutions\UltraEdit\;C:\Users\jonsa\.dotnet\tools;C:\Program Files\JetBrains\PyCharm Community Edition 2022.1.1\bin;;C:\Users\jonsa\AppData\Roaming\npm;C:\Users\jonsa\AppData\Local\GitHubDesktop\bin;C:\Users\jonsa\AppData\Local\Programs\Microsoft VS Code\bin;C:\explan_jsp\eclipse_new;
USERNAME=jonsa
OS=Windows_NT
PROCESSOR_IDENTIFIER=Intel64 Family 6 Model 140 Stepping 1, GenuineIntel



---------------  S Y S T E M  ---------------

OS:
 Windows 10 , 64 bit Build 19041 (10.0.19041.3636)
OS uptime: 18 days 17:44 hours

CPU: total 8 (initial active 8) (4 cores per cpu, 2 threads per core) family 6 model 140 stepping 1 microcode 0xb4, cx8, cmov, fxsr, ht, mmx, 3dnowpref, sse, sse2, sse3, ssse3, sse4.1, sse4.2, popcnt, lzcnt, tsc, tscinvbit, avx, avx2, aes, erms, clmul, bmi1, bmi2, adx, avx512f, avx512dq, avx512cd, avx512bw, avx512vl, sha, fma, vzeroupper, avx512_vpopcntdq, avx512_vpclmulqdq, avx512_vaes, avx512_vnni, clflush, clflushopt, clwb, avx512_vmbi2, avx512_vmbi

Memory: 4k page, system-wide physical 32441M (9618M free)
TotalPageFile size 58040M (AvailPageFile size 5M)
current process WorkingSet (physical memory assigned to process): 54M, peak: 54M
current process commit charge ("private bytes"): 611M, peak: 611M

vm_info: OpenJDK 64-Bit Server VM (16.0.1+9-24) for windows-amd64 JRE (16.0.1+9-24), built on Mar 26 2021 19:30:07 by "mach5one" with MS VC++ 16.7 (VS2019)

END.
